2024-09-23 16:18:18 [com.xxl.job.core.thread.JobThread#run]-[133]-[xxl-job, JobThread-12-1727079498433] <br>----------- xxl-job job execute start -----------<br>----------- Param:
2024-09-23 16:19:30 [com.xxl.job.core.thread.JobThread#run]-[194]-[xxl-job, JobThread-12-1727079498433] <br>----------- JobThread toStop, stopReason:web container destroy and kill the job.
2024-09-23 16:19:30 [com.xxl.job.core.thread.JobThread#run]-[204]-[xxl-job, JobThread-12-1727079498433] <br>----------- JobThread Exception:java.lang.reflect.InvocationTargetException
	at java.base/jdk.internal.reflect.DirectMethodHandleAccessor.invoke(DirectMethodHandleAccessor.java:119)
	at java.base/java.lang.reflect.Method.invoke(Method.java:578)
	at com.xxl.job.core.handler.impl.MethodJobHandler.execute(MethodJobHandler.java:31)
	at com.xxl.job.core.thread.JobThread.run(JobThread.java:166)
Caused by: org.springframework.data.redis.RedisSystemException: Redis command interrupted; nested exception is io.lettuce.core.RedisCommandInterruptedException: Command interrupted
	at org.springframework.data.redis.connection.lettuce.LettuceExceptionConverter.convert(LettuceExceptionConverter.java:62)
	at org.springframework.data.redis.connection.lettuce.LettuceExceptionConverter.convert(LettuceExceptionConverter.java:41)
	at org.springframework.data.redis.PassThroughExceptionTranslationStrategy.translate(PassThroughExceptionTranslationStrategy.java:44)
	at org.springframework.data.redis.FallbackExceptionTranslationStrategy.translate(FallbackExceptionTranslationStrategy.java:42)
	at org.springframework.data.redis.connection.lettuce.LettuceConnection.convertLettuceAccessException(LettuceConnection.java:278)
	at org.springframework.data.redis.connection.lettuce.LettuceConnection.await(LettuceConnection.java:1086)
	at org.springframework.data.redis.connection.lettuce.LettuceConnection.lambda$doInvoke$4(LettuceConnection.java:939)
	at org.springframework.data.redis.connection.lettuce.LettuceInvoker$Synchronizer.invoke(LettuceInvoker.java:673)
	at org.springframework.data.redis.connection.lettuce.LettuceInvoker$DefaultManyInvocationSpec.toSet(LettuceInvoker.java:639)
	at org.springframework.data.redis.connection.lettuce.LettuceZSetCommands.zRevRangeWithScores(LettuceZSetCommands.java:257)
	at org.springframework.data.redis.connection.DefaultedRedisConnection.zRevRangeWithScores(DefaultedRedisConnection.java:1169)
	at org.springframework.data.redis.connection.DefaultStringRedisConnection.zRevRangeWithScores(DefaultStringRedisConnection.java:1902)
	at org.springframework.data.redis.core.DefaultZSetOperations.lambda$reverseRangeWithScores$14(DefaultZSetOperations.java:266)
	at org.springframework.data.redis.core.RedisTemplate.execute(RedisTemplate.java:224)
	at org.springframework.data.redis.core.RedisTemplate.execute(RedisTemplate.java:191)
	at org.springframework.data.redis.core.AbstractOperations.execute(AbstractOperations.java:97)
	at org.springframework.data.redis.core.DefaultZSetOperations.reverseRangeWithScores(DefaultZSetOperations.java:266)
	at com.tianji.learning.service.impl.PointsBoardServiceImpl.queryCurrentBoard(PointsBoardServiceImpl.java:91)
	at com.tianji.learning.service.impl.PointsBoardServiceImpl$$FastClassBySpringCGLIB$$80bfce97.invoke(<generated>)
	at org.springframework.cglib.proxy.MethodProxy.invoke(MethodProxy.java:218)
	at org.springframework.aop.framework.CglibAopProxy.invokeMethod(CglibAopProxy.java:386)
	at org.springframework.aop.framework.CglibAopProxy.access$000(CglibAopProxy.java:85)
	at org.springframework.aop.framework.CglibAopProxy$DynamicAdvisedInterceptor.intercept(CglibAopProxy.java:704)
	at com.tianji.learning.service.impl.PointsBoardServiceImpl$$EnhancerBySpringCGLIB$$beeb213c.queryCurrentBoard(<generated>)
	at com.tianji.learning.task.PointsBoardPersistentHandler.savePointsBoard2DB(PointsBoardPersistentHandler.java:60)
	at java.base/jdk.internal.reflect.DirectMethodHandleAccessor.invoke(DirectMethodHandleAccessor.java:104)
	... 3 more
Caused by: io.lettuce.core.RedisCommandInterruptedException: Command interrupted
	at io.lettuce.core.protocol.AsyncCommand.await(AsyncCommand.java:87)
	at io.lettuce.core.internal.Futures.awaitOrCancel(Futures.java:244)
	at io.lettuce.core.LettuceFutures.awaitOrCancel(LettuceFutures.java:74)
	at org.springframework.data.redis.connection.lettuce.LettuceConnection.await(LettuceConnection.java:1084)
	... 23 more
Caused by: java.lang.InterruptedException
	at java.base/java.util.concurrent.CompletableFuture.reportGet(CompletableFuture.java:386)
	at java.base/java.util.concurrent.CompletableFuture.get(CompletableFuture.java:2096)
	at io.lettuce.core.protocol.AsyncCommand.await(AsyncCommand.java:83)
	... 26 more
<br>----------- xxl-job job execute end(error) -----------
2024-09-23 16:19:30 [com.xxl.job.core.thread.TriggerCallbackThread#callbackLog]-[197]-[xxl-job, executor TriggerCallbackThread] <br>----------- xxl-job job callback finish.
