16:30:01.085-[LAPTOP-L9SH1VHI][sys]-- INFO 23812 --- [           main] com.tianji.remark.BitMapTest             : The following 1 profile is active: "dev"
16:30:03.448-[LAPTOP-L9SH1VHI][sys]-- INFO 23812 --- [           main] .s.d.r.c.RepositoryConfigurationDelegate : Multiple Spring Data modules found, entering strict repository configuration mode
16:30:03.456-[LAPTOP-L9SH1VHI][sys]-- INFO 23812 --- [           main] .s.d.r.c.RepositoryConfigurationDelegate : Bootstrapping Spring Data Redis repositories in DEFAULT mode.
16:30:03.517-[LAPTOP-L9SH1VHI][sys]-- INFO 23812 --- [           main] .s.d.r.c.RepositoryConfigurationDelegate : Finished Spring Data repository scanning in 19 ms. Found 0 Redis repository interfaces.
16:30:04.541-[LAPTOP-L9SH1VHI][sys]-- INFO 23812 --- [           main] o.s.cloud.context.scope.GenericScope     : BeanFactory id=8995592b-2d36-3a55-a959-19f817a56180
16:30:05.940-[LAPTOP-L9SH1VHI][sys]-- INFO 23812 --- [           main] trationDelegate$BeanPostProcessorChecker : Bean 'org.springframework.cloud.commons.config.CommonsConfigAutoConfiguration' of type [org.springframework.cloud.commons.config.CommonsConfigAutoConfiguration] is not eligible for getting processed by all BeanPostProcessors (for example: not eligible for auto-proxying)
16:30:05.949-[LAPTOP-L9SH1VHI][sys]-- INFO 23812 --- [           main] trationDelegate$BeanPostProcessorChecker : Bean 'org.springframework.cloud.client.loadbalancer.LoadBalancerDefaultMappingsProviderAutoConfiguration' of type [org.springframework.cloud.client.loadbalancer.LoadBalancerDefaultMappingsProviderAutoConfiguration] is not eligible for getting processed by all BeanPostProcessors (for example: not eligible for auto-proxying)
16:30:05.955-[LAPTOP-L9SH1VHI][sys]-- INFO 23812 --- [           main] trationDelegate$BeanPostProcessorChecker : Bean 'loadBalancerClientsDefaultsMappingsProvider' of type [org.springframework.cloud.client.loadbalancer.LoadBalancerDefaultMappingsProviderAutoConfiguration$$Lambda$858/0x000000080153ebe8] is not eligible for getting processed by all BeanPostProcessors (for example: not eligible for auto-proxying)
16:30:05.965-[LAPTOP-L9SH1VHI][sys]-- INFO 23812 --- [           main] trationDelegate$BeanPostProcessorChecker : Bean 'defaultsBindHandlerAdvisor' of type [org.springframework.cloud.commons.config.DefaultsBindHandlerAdvisor] is not eligible for getting processed by all BeanPostProcessors (for example: not eligible for auto-proxying)
16:30:06.041-[LAPTOP-L9SH1VHI][sys]-- INFO 23812 --- [           main] trationDelegate$BeanPostProcessorChecker : Bean 'spring.cloud.sentinel-com.alibaba.cloud.sentinel.SentinelProperties' of type [com.alibaba.cloud.sentinel.SentinelProperties] is not eligible for getting processed by all BeanPostProcessors (for example: not eligible for auto-proxying)
16:30:06.049-[LAPTOP-L9SH1VHI][sys]-- INFO 23812 --- [           main] trationDelegate$BeanPostProcessorChecker : Bean 'com.alibaba.cloud.sentinel.custom.SentinelAutoConfiguration' of type [com.alibaba.cloud.sentinel.custom.SentinelAutoConfiguration] is not eligible for getting processed by all BeanPostProcessors (for example: not eligible for auto-proxying)
16:30:09.486-[LAPTOP-L9SH1VHI][sys]-- INFO 23812 --- [           main] c.a.c.sentinel.SentinelWebMvcConfigurer  : [Sentinel Starter] register SentinelWebInterceptor with urlPatterns: [/**].
16:30:11.529-[LAPTOP-L9SH1VHI][sys]-- INFO 23812 --- [           main] o.s.c.openfeign.FeignClientFactoryBean   : For 'course-service' URL not provided. Will try picking an instance via load-balancing.
16:30:11.884-[LAPTOP-L9SH1VHI][sys]-- INFO 23812 --- [           main] o.s.c.openfeign.FeignClientFactoryBean   : For 'auth-service' URL not provided. Will try picking an instance via load-balancing.
16:30:14.703-[LAPTOP-L9SH1VHI][sys]-- INFO 23812 --- [           main] com.alibaba.nacos.client.naming          : initializer namespace from System Property :null
16:30:14.705-[LAPTOP-L9SH1VHI][sys]-- INFO 23812 --- [           main] com.alibaba.nacos.client.naming          : initializer namespace from System Environment :null
16:30:14.706-[LAPTOP-L9SH1VHI][sys]-- INFO 23812 --- [           main] com.alibaba.nacos.client.naming          : initializer namespace from System Property :null
16:30:15.286-[LAPTOP-L9SH1VHI][sys]-- INFO 23812 --- [           main] com.tianji.remark.BitMapTest             : Started BitMapTest in 19.675 seconds (JVM running for 22.175)
16:30:15.296-[LAPTOP-L9SH1VHI][sys]-- INFO 23812 --- [           main] c.a.n.client.config.impl.ClientWorker    : [fixed-192.168.150.101_8848] [subscribe] remark-service+DEFAULT_GROUP
16:30:15.299-[LAPTOP-L9SH1VHI][sys]-- INFO 23812 --- [           main] c.a.nacos.client.config.impl.CacheData   : [fixed-192.168.150.101_8848] [add-listener] ok, tenant=, dataId=remark-service, group=DEFAULT_GROUP, cnt=1
16:30:15.300-[LAPTOP-L9SH1VHI][sys]-- INFO 23812 --- [           main] c.a.c.n.refresh.NacosContextRefresher    : listening config: dataId=remark-service, group=DEFAULT_GROUP
16:30:15.301-[LAPTOP-L9SH1VHI][sys]-- INFO 23812 --- [           main] c.a.n.client.config.impl.ClientWorker    : [fixed-192.168.150.101_8848] [subscribe] remark-service.yaml+DEFAULT_GROUP
16:30:15.301-[LAPTOP-L9SH1VHI][sys]-- INFO 23812 --- [           main] c.a.nacos.client.config.impl.CacheData   : [fixed-192.168.150.101_8848] [add-listener] ok, tenant=, dataId=remark-service.yaml, group=DEFAULT_GROUP, cnt=1
16:30:15.302-[LAPTOP-L9SH1VHI][sys]-- INFO 23812 --- [           main] c.a.c.n.refresh.NacosContextRefresher    : listening config: dataId=remark-service.yaml, group=DEFAULT_GROUP
16:30:15.302-[LAPTOP-L9SH1VHI][sys]-- INFO 23812 --- [           main] c.a.n.client.config.impl.ClientWorker    : [fixed-192.168.150.101_8848] [subscribe] remark-service-dev.yaml+DEFAULT_GROUP
16:30:15.302-[LAPTOP-L9SH1VHI][sys]-- INFO 23812 --- [           main] c.a.nacos.client.config.impl.CacheData   : [fixed-192.168.150.101_8848] [add-listener] ok, tenant=, dataId=remark-service-dev.yaml, group=DEFAULT_GROUP, cnt=1
16:30:15.302-[LAPTOP-L9SH1VHI][sys]-- INFO 23812 --- [           main] c.a.c.n.refresh.NacosContextRefresher    : listening config: dataId=remark-service-dev.yaml, group=DEFAULT_GROUP
16:30:15.354-[LAPTOP-L9SH1VHI][sys]-- INFO 23812 --- [g.push.receiver] com.alibaba.nacos.client.naming          : received push data: {"type":"dom","data":"{\"name\":\"DEFAULT_GROUP@@remark-service\",\"clusters\":\"DEFAULT\",\"cacheMillis\":10000,\"hosts\":[],\"lastRefTime\":1726821017976,\"checksum\":\"\",\"allIPs\":false,\"reachProtectionThreshold\":false,\"valid\":true}","lastRefTime":23070878954915} from /192.168.150.101
16:30:16.407-[LAPTOP-L9SH1VHI][sys]--DEBUG 23812 --- [   scheduling-1] c.t.c.autoconfigure.mq.RabbitMqHelper    : 准备发送消息，exchange：like.record.topic， RoutingKey：QA.times.changed， message：[]
16:30:16.422-[LAPTOP-L9SH1VHI][sys]-- INFO 23812 --- [   scheduling-1] o.s.a.r.c.CachingConnectionFactory       : Attempting to connect to: [192.168.150.101:5672]
16:30:16.438-[LAPTOP-L9SH1VHI][sys]-- WARN 23812 --- [       Thread-1] c.a.n.common.http.HttpClientBeanHolder   : [HttpClientBeanHolder] Start destroying common HttpClient
16:30:16.438-[LAPTOP-L9SH1VHI][sys]-- WARN 23812 --- [      Thread-13] c.a.nacos.common.notify.NotifyCenter     : [NotifyCenter] Start destroying Publisher
16:30:16.439-[LAPTOP-L9SH1VHI][sys]-- WARN 23812 --- [      Thread-13] c.a.nacos.common.notify.NotifyCenter     : [NotifyCenter] Destruction of the end
16:30:16.439-[LAPTOP-L9SH1VHI][sys]-- WARN 23812 --- [       Thread-1] c.a.n.common.http.HttpClientBeanHolder   : [HttpClientBeanHolder] Destruction of the end
16:30:16.459-[LAPTOP-L9SH1VHI][sys]-- INFO 23812 --- [ionShutdownHook] com.alibaba.nacos.client.naming          : com.alibaba.nacos.client.naming.beat.BeatReactor do shutdown begin
16:30:16.459-[LAPTOP-L9SH1VHI][sys]-- INFO 23812 --- [ionShutdownHook] com.alibaba.nacos.client.naming          : com.alibaba.nacos.client.naming.beat.BeatReactor do shutdown stop
16:30:16.459-[LAPTOP-L9SH1VHI][sys]-- INFO 23812 --- [ionShutdownHook] com.alibaba.nacos.client.naming          : com.alibaba.nacos.client.naming.core.HostReactor do shutdown begin
16:30:16.674-[LAPTOP-L9SH1VHI][sys]-- INFO 23812 --- [   scheduling-1] o.s.a.r.c.CachingConnectionFactory       : Created new connection: rabbitConnectionFactory#7296fe0b:0/SimpleConnection@1b73997 [delegate=amqp://tjxt@192.168.150.101:5672//tjxt, localPort= 65088]
16:30:16.767-[LAPTOP-L9SH1VHI][sys]--ERROR 23812 --- [   scheduling-1] o.s.s.s.TaskUtils$LoggingErrorHandler    : Unexpected error occurred in scheduled task
org.springframework.data.redis.RedisSystemException: Redis command interrupted; nested exception is io.lettuce.core.RedisCommandInterruptedException: Command interrupted
	at org.springframework.data.redis.connection.lettuce.LettuceExceptionConverter.convert(LettuceExceptionConverter.java:62) ~[spring-data-redis-2.7.2.jar:2.7.2]
	at org.springframework.data.redis.connection.lettuce.LettuceExceptionConverter.convert(LettuceExceptionConverter.java:41) ~[spring-data-redis-2.7.2.jar:2.7.2]
	at org.springframework.data.redis.PassThroughExceptionTranslationStrategy.translate(PassThroughExceptionTranslationStrategy.java:44) ~[spring-data-redis-2.7.2.jar:2.7.2]
	at org.springframework.data.redis.FallbackExceptionTranslationStrategy.translate(FallbackExceptionTranslationStrategy.java:42) ~[spring-data-redis-2.7.2.jar:2.7.2]
	at org.springframework.data.redis.connection.lettuce.LettuceConnection.convertLettuceAccessException(LettuceConnection.java:278) ~[spring-data-redis-2.7.2.jar:2.7.2]
	at org.springframework.data.redis.connection.lettuce.LettuceConnection.await(LettuceConnection.java:1086) ~[spring-data-redis-2.7.2.jar:2.7.2]
	at org.springframework.data.redis.connection.lettuce.LettuceConnection.lambda$doInvoke$4(LettuceConnection.java:939) ~[spring-data-redis-2.7.2.jar:2.7.2]
	at org.springframework.data.redis.connection.lettuce.LettuceInvoker$Synchronizer.invoke(LettuceInvoker.java:673) ~[spring-data-redis-2.7.2.jar:2.7.2]
	at org.springframework.data.redis.connection.lettuce.LettuceInvoker$DefaultManyInvocationSpec.toSet(LettuceInvoker.java:639) ~[spring-data-redis-2.7.2.jar:2.7.2]
	at org.springframework.data.redis.connection.lettuce.LettuceZSetCommands.zPopMin(LettuceZSetCommands.java:357) ~[spring-data-redis-2.7.2.jar:2.7.2]
	at org.springframework.data.redis.connection.DefaultedRedisConnection.zPopMin(DefaultedRedisConnection.java:980) ~[spring-data-redis-2.7.2.jar:2.7.2]
	at org.springframework.data.redis.connection.DefaultStringRedisConnection.zPopMin(DefaultStringRedisConnection.java:3250) ~[spring-data-redis-2.7.2.jar:2.7.2]
	at org.springframework.data.redis.core.DefaultZSetOperations.lambda$popMin$36(DefaultZSetOperations.java:547) ~[spring-data-redis-2.7.2.jar:2.7.2]
	at org.springframework.data.redis.core.RedisTemplate.execute(RedisTemplate.java:224) ~[spring-data-redis-2.7.2.jar:2.7.2]
	at org.springframework.data.redis.core.RedisTemplate.execute(RedisTemplate.java:191) ~[spring-data-redis-2.7.2.jar:2.7.2]
	at org.springframework.data.redis.core.AbstractOperations.execute(AbstractOperations.java:97) ~[spring-data-redis-2.7.2.jar:2.7.2]
	at org.springframework.data.redis.core.DefaultZSetOperations.popMin(DefaultZSetOperations.java:547) ~[spring-data-redis-2.7.2.jar:2.7.2]
	at com.tianji.remark.service.Impl.LikedRecordRedisServiceImpl.readLikedTimesAndSendMessage(LikedRecordRedisServiceImpl.java:115) ~[classes/:na]
	at com.tianji.remark.service.Impl.LikedRecordRedisServiceImpl$$FastClassBySpringCGLIB$$f768f5b1.invoke(<generated>) ~[classes/:na]
	at org.springframework.cglib.proxy.MethodProxy.invoke(MethodProxy.java:218) ~[spring-core-5.3.22.jar:5.3.22]
	at org.springframework.aop.framework.CglibAopProxy.invokeMethod(CglibAopProxy.java:386) ~[spring-aop-5.3.22.jar:5.3.22]
	at org.springframework.aop.framework.CglibAopProxy.access$000(CglibAopProxy.java:85) ~[spring-aop-5.3.22.jar:5.3.22]
	at org.springframework.aop.framework.CglibAopProxy$DynamicAdvisedInterceptor.intercept(CglibAopProxy.java:704) ~[spring-aop-5.3.22.jar:5.3.22]
	at com.tianji.remark.service.Impl.LikedRecordRedisServiceImpl$$EnhancerBySpringCGLIB$$cfd7257a.readLikedTimesAndSendMessage(<generated>) ~[classes/:na]
	at com.tianji.remark.task.LikedTimesCheckTask.checkLikedTimes(LikedTimesCheckTask.java:22) ~[classes/:na]
	at java.base/jdk.internal.reflect.DirectMethodHandleAccessor.invoke(DirectMethodHandleAccessor.java:104) ~[na:na]
	at java.base/java.lang.reflect.Method.invoke(Method.java:578) ~[na:na]
	at org.springframework.scheduling.support.ScheduledMethodRunnable.run(ScheduledMethodRunnable.java:84) ~[spring-context-5.3.22.jar:5.3.22]
	at org.springframework.scheduling.support.DelegatingErrorHandlingRunnable.run(DelegatingErrorHandlingRunnable.java:54) ~[spring-context-5.3.22.jar:5.3.22]
	at java.base/java.util.concurrent.Executors$RunnableAdapter.call(Executors.java:577) ~[na:na]
	at java.base/java.util.concurrent.FutureTask.runAndReset(FutureTask.java:358) ~[na:na]
	at java.base/java.util.concurrent.ScheduledThreadPoolExecutor$ScheduledFutureTask.run(ScheduledThreadPoolExecutor.java:305) ~[na:na]
	at java.base/java.util.concurrent.ThreadPoolExecutor.runWorker(ThreadPoolExecutor.java:1144) ~[na:na]
	at java.base/java.util.concurrent.ThreadPoolExecutor$Worker.run(ThreadPoolExecutor.java:642) ~[na:na]
	at java.base/java.lang.Thread.run(Thread.java:1589) ~[na:na]
Caused by: io.lettuce.core.RedisCommandInterruptedException: Command interrupted
	at io.lettuce.core.protocol.AsyncCommand.await(AsyncCommand.java:87) ~[lettuce-core-6.1.9.RELEASE.jar:6.1.9.RELEASE]
	at io.lettuce.core.internal.Futures.awaitOrCancel(Futures.java:244) ~[lettuce-core-6.1.9.RELEASE.jar:6.1.9.RELEASE]
	at io.lettuce.core.LettuceFutures.awaitOrCancel(LettuceFutures.java:74) ~[lettuce-core-6.1.9.RELEASE.jar:6.1.9.RELEASE]
	at org.springframework.data.redis.connection.lettuce.LettuceConnection.await(LettuceConnection.java:1084) ~[spring-data-redis-2.7.2.jar:2.7.2]
	... 29 common frames omitted
Caused by: java.lang.InterruptedException: null
	at java.base/java.util.concurrent.CompletableFuture.reportGet(CompletableFuture.java:386) ~[na:na]
	at java.base/java.util.concurrent.CompletableFuture.get(CompletableFuture.java:2096) ~[na:na]
	at io.lettuce.core.protocol.AsyncCommand.await(AsyncCommand.java:83) ~[lettuce-core-6.1.9.RELEASE.jar:6.1.9.RELEASE]
	... 32 common frames omitted
16:30:17.819-[LAPTOP-L9SH1VHI][sys]-- INFO 23812 --- [ionShutdownHook] com.alibaba.nacos.client.naming          : com.alibaba.nacos.client.naming.core.PushReceiver do shutdown begin
16:30:20.821-[LAPTOP-L9SH1VHI][sys]-- INFO 23812 --- [ionShutdownHook] com.alibaba.nacos.client.naming          : com.alibaba.nacos.client.naming.core.PushReceiver do shutdown stop
16:30:20.821-[LAPTOP-L9SH1VHI][sys]-- INFO 23812 --- [ionShutdownHook] com.alibaba.nacos.client.naming          : com.alibaba.nacos.client.naming.backups.FailoverReactor do shutdown begin
16:30:23.825-[LAPTOP-L9SH1VHI][sys]-- INFO 23812 --- [ionShutdownHook] com.alibaba.nacos.client.naming          : com.alibaba.nacos.client.naming.backups.FailoverReactor do shutdown stop
16:30:23.825-[LAPTOP-L9SH1VHI][sys]-- INFO 23812 --- [ionShutdownHook] com.alibaba.nacos.client.naming          : com.alibaba.nacos.client.naming.core.HostReactor do shutdown stop
16:30:23.825-[LAPTOP-L9SH1VHI][sys]-- INFO 23812 --- [ionShutdownHook] com.alibaba.nacos.client.naming          : com.alibaba.nacos.client.naming.net.NamingProxy do shutdown begin
16:30:23.825-[LAPTOP-L9SH1VHI][sys]-- WARN 23812 --- [ionShutdownHook] com.alibaba.nacos.client.naming          : [NamingHttpClientManager] Start destroying NacosRestTemplate
16:30:23.826-[LAPTOP-L9SH1VHI][sys]-- WARN 23812 --- [ionShutdownHook] com.alibaba.nacos.client.naming          : [NamingHttpClientManager] Destruction of the end
16:30:23.827-[LAPTOP-L9SH1VHI][sys]-- INFO 23812 --- [ionShutdownHook] c.a.n.client.identify.CredentialWatcher  : [null] CredentialWatcher is stopped
16:30:23.827-[LAPTOP-L9SH1VHI][sys]-- INFO 23812 --- [ionShutdownHook] c.a.n.client.identify.CredentialService  : [null] CredentialService is freed
16:30:23.827-[LAPTOP-L9SH1VHI][sys]-- INFO 23812 --- [ionShutdownHook] com.alibaba.nacos.client.naming          : com.alibaba.nacos.client.naming.net.NamingProxy do shutdown stop
