00:00:00.004-[LAPTOP-L9SH1VHI][sys]--DEBUG 30700 --- [   scheduling-1] c.t.l.m.LearningLessonMapper.selectList  : ==>  Preparing: SELECT id,user_id,course_id,status,week_freq,plan_status,learned_sections,latest_section_id,latest_learn_time,create_time,expire_time,update_time FROM learning_lesson WHERE (user_id = ?)
00:00:00.076-[LAPTOP-L9SH1VHI][sys]--DEBUG 30700 --- [   scheduling-1] c.t.l.m.LearningLessonMapper.selectList  : ==> Parameters: null
00:00:00.082-[LAPTOP-L9SH1VHI][sys]--DEBUG 30700 --- [   scheduling-1] c.t.l.m.LearningLessonMapper.selectList  : <==      Total: 0
00:18:54.992-[LAPTOP-L9SH1VHI][sys]-- WARN 30700 --- [      Thread-14] c.a.nacos.common.notify.NotifyCenter     : [NotifyCenter] Start destroying Publisher
00:18:54.992-[LAPTOP-L9SH1VHI][sys]-- WARN 30700 --- [       Thread-1] c.a.n.common.http.HttpClientBeanHolder   : [HttpClientBeanHolder] Start destroying common HttpClient
00:18:54.994-[LAPTOP-L9SH1VHI][sys]-- WARN 30700 --- [      Thread-14] c.a.nacos.common.notify.NotifyCenter     : [NotifyCenter] Destruction of the end
00:18:55.007-[LAPTOP-L9SH1VHI][sys]-- WARN 30700 --- [       Thread-1] c.a.n.common.http.HttpClientBeanHolder   : [HttpClientBeanHolder] Destruction of the end
00:18:55.235-[LAPTOP-L9SH1VHI][sys]-- INFO 30700 --- [ntContainer#0-2] o.s.a.r.l.SimpleMessageListenerContainer : Waiting for workers to finish.
00:18:55.238-[LAPTOP-L9SH1VHI][sys]-- INFO 30700 --- [ntContainer#1-2] o.s.a.r.l.SimpleMessageListenerContainer : Waiting for workers to finish.
00:18:55.626-[LAPTOP-L9SH1VHI][sys]-- INFO 30700 --- [ntContainer#0-2] o.s.a.r.l.SimpleMessageListenerContainer : Successfully waited for workers to finish.
00:18:56.128-[LAPTOP-L9SH1VHI][sys]-- INFO 30700 --- [ntContainer#1-2] o.s.a.r.l.SimpleMessageListenerContainer : Successfully waited for workers to finish.
00:18:56.403-[LAPTOP-L9SH1VHI][sys]-- INFO 30700 --- [ionShutdownHook] com.xxl.job.core.server.EmbedServer      : >>>>>>>>>>> xxl-job remoting server destroy success.
00:18:56.405-[LAPTOP-L9SH1VHI][sys]-- INFO 30700 --- [       Thread-8] com.xxl.job.core.server.EmbedServer      : >>>>>>>>>>> xxl-job remoting server stop.
00:18:56.557-[LAPTOP-L9SH1VHI][sys]-- INFO 30700 --- [ionShutdownHook] c.a.c.n.registry.NacosServiceRegistry    : De-registering from Nacos Server now...
00:18:56.559-[LAPTOP-L9SH1VHI][sys]-- INFO 30700 --- [ionShutdownHook] com.alibaba.nacos.client.naming          : [BEAT] removing beat: DEFAULT_GROUP@@learning-service:192.168.150.1:8090 from beat map.
00:18:56.560-[LAPTOP-L9SH1VHI][sys]-- INFO 30700 --- [ionShutdownHook] com.alibaba.nacos.client.naming          : [DEREGISTER-SERVICE] f923fb34-cb0a-4c06-8fca-ad61ea61a3f0 deregistering service DEFAULT_GROUP@@learning-service with instance: Instance{instanceId='null', ip='192.168.150.1', port=8090, weight=1.0, healthy=true, enabled=true, ephemeral=true, clusterName='DEFAULT', serviceName='null', metadata={}}
00:18:56.581-[LAPTOP-L9SH1VHI][sys]-- INFO 30700 --- [ionShutdownHook] c.a.c.n.registry.NacosServiceRegistry    : De-registration finished.
00:18:56.582-[LAPTOP-L9SH1VHI][sys]-- INFO 30700 --- [ionShutdownHook] com.alibaba.nacos.client.naming          : com.alibaba.nacos.client.naming.beat.BeatReactor do shutdown begin
00:18:57.173-[LAPTOP-L9SH1VHI][sys]-- INFO 30700 --- [g.push.receiver] com.alibaba.nacos.client.naming          : received push data: {"type":"dom","data":"{\"name\":\"DEFAULT_GROUP@@learning-service\",\"clusters\":\"DEFAULT\",\"cacheMillis\":10000,\"hosts\":[],\"lastRefTime\":1724516338253,\"checksum\":\"\",\"allIPs\":false,\"reachProtectionThreshold\":false,\"valid\":true}","lastRefTime":48365448167489} from /192.168.150.101
00:18:57.188-[LAPTOP-L9SH1VHI][sys]-- INFO 30700 --- [g.push.receiver] com.alibaba.nacos.client.naming          : removed ips(1) service: DEFAULT_GROUP@@learning-service@@DEFAULT -> [{"instanceId":"192.168.150.1#8090#DEFAULT#DEFAULT_GROUP@@learning-service","ip":"192.168.150.1","port":8090,"weight":1.0,"healthy":true,"enabled":true,"ephemeral":true,"clusterName":"DEFAULT","serviceName":"DEFAULT_GROUP@@learning-service","metadata":{"preserved.register.source":"SPRING_CLOUD"},"ipDeleteTimeout":30000,"instanceHeartBeatInterval":5000,"instanceHeartBeatTimeOut":15000}]
00:18:57.191-[LAPTOP-L9SH1VHI][sys]-- INFO 30700 --- [g.push.receiver] com.alibaba.nacos.client.naming          : current ips:(0) service: DEFAULT_GROUP@@learning-service@@DEFAULT -> []
00:18:58.525-[LAPTOP-L9SH1VHI][sys]-- INFO 30700 --- [ionShutdownHook] com.alibaba.nacos.client.naming          : com.alibaba.nacos.client.naming.beat.BeatReactor do shutdown stop
00:18:58.525-[LAPTOP-L9SH1VHI][sys]-- INFO 30700 --- [ionShutdownHook] com.alibaba.nacos.client.naming          : com.alibaba.nacos.client.naming.core.HostReactor do shutdown begin
00:19:01.529-[LAPTOP-L9SH1VHI][sys]-- INFO 30700 --- [ionShutdownHook] com.alibaba.nacos.client.naming          : com.alibaba.nacos.client.naming.core.PushReceiver do shutdown begin
00:19:04.530-[LAPTOP-L9SH1VHI][sys]-- INFO 30700 --- [ionShutdownHook] com.alibaba.nacos.client.naming          : com.alibaba.nacos.client.naming.core.PushReceiver do shutdown stop
00:19:04.530-[LAPTOP-L9SH1VHI][sys]-- INFO 30700 --- [ionShutdownHook] com.alibaba.nacos.client.naming          : com.alibaba.nacos.client.naming.backups.FailoverReactor do shutdown begin
00:19:04.535-[LAPTOP-L9SH1VHI][sys]-- INFO 30700 --- [ionShutdownHook] com.alibaba.nacos.client.naming          : com.alibaba.nacos.client.naming.backups.FailoverReactor do shutdown stop
00:19:04.535-[LAPTOP-L9SH1VHI][sys]-- INFO 30700 --- [ionShutdownHook] com.alibaba.nacos.client.naming          : com.alibaba.nacos.client.naming.core.HostReactor do shutdown stop
00:19:04.535-[LAPTOP-L9SH1VHI][sys]-- INFO 30700 --- [ionShutdownHook] com.alibaba.nacos.client.naming          : com.alibaba.nacos.client.naming.net.NamingProxy do shutdown begin
00:19:04.535-[LAPTOP-L9SH1VHI][sys]-- WARN 30700 --- [ionShutdownHook] com.alibaba.nacos.client.naming          : [NamingHttpClientManager] Start destroying NacosRestTemplate
00:19:04.536-[LAPTOP-L9SH1VHI][sys]-- WARN 30700 --- [ionShutdownHook] com.alibaba.nacos.client.naming          : [NamingHttpClientManager] Destruction of the end
00:19:04.537-[LAPTOP-L9SH1VHI][sys]-- INFO 30700 --- [ionShutdownHook] c.a.n.client.identify.CredentialWatcher  : [null] CredentialWatcher is stopped
00:19:04.537-[LAPTOP-L9SH1VHI][sys]-- INFO 30700 --- [ionShutdownHook] c.a.n.client.identify.CredentialService  : [null] CredentialService is freed
00:19:04.537-[LAPTOP-L9SH1VHI][sys]-- INFO 30700 --- [ionShutdownHook] com.alibaba.nacos.client.naming          : com.alibaba.nacos.client.naming.net.NamingProxy do shutdown stop
00:19:04.547-[LAPTOP-L9SH1VHI][sys]--DEBUG 30700 --- [ionShutdownHook] c.t.l.u.LearningRecordDelayTaskHandler   : 延迟任务停止执行！
00:19:04.673-[LAPTOP-L9SH1VHI][sys]-- INFO 30700 --- [ionShutdownHook] o.s.a.r.l.SimpleMessageListenerContainer : Shutdown ignored - container is already stopped
00:19:04.673-[LAPTOP-L9SH1VHI][sys]-- INFO 30700 --- [ionShutdownHook] o.s.a.r.l.SimpleMessageListenerContainer : Shutdown ignored - container is already stopped
00:19:04.698-[LAPTOP-L9SH1VHI][sys]-- INFO 30700 --- [ionShutdownHook] com.zaxxer.hikari.HikariDataSource       : HikariPool-1 - Shutdown initiated...
00:19:04.724-[LAPTOP-L9SH1VHI][sys]-- INFO 30700 --- [ionShutdownHook] com.zaxxer.hikari.HikariDataSource       : HikariPool-1 - Shutdown completed.
