20:40:48.427-[LAPTOP-L9SH1VHI][sys]-- INFO 31376 --- [           main] com.tianji.course.CourseApplication      : The following 1 profile is active: "dev"
20:40:49.986-[LAPTOP-L9SH1VHI][sys]-- INFO 31376 --- [           main] .s.d.r.c.RepositoryConfigurationDelegate : Multiple Spring Data modules found, entering strict repository configuration mode
20:40:49.992-[LAPTOP-L9SH1VHI][sys]-- INFO 31376 --- [           main] .s.d.r.c.RepositoryConfigurationDelegate : Bootstrapping Spring Data Redis repositories in DEFAULT mode.
20:40:50.048-[LAPTOP-L9SH1VHI][sys]-- INFO 31376 --- [           main] .s.d.r.c.RepositoryConfigurationDelegate : Finished Spring Data repository scanning in 23 ms. Found 0 Redis repository interfaces.
20:40:50.542-[LAPTOP-L9SH1VHI][sys]-- INFO 31376 --- [           main] o.s.cloud.context.scope.GenericScope     : BeanFactory id=3428ecc9-bde5-36e7-8575-c3c63a1be757
20:40:50.684-[LAPTOP-L9SH1VHI][sys]-- INFO 31376 --- [           main] trationDelegate$BeanPostProcessorChecker : Bean 'io.seata.spring.boot.autoconfigure.SeataCoreAutoConfiguration' of type [io.seata.spring.boot.autoconfigure.SeataCoreAutoConfiguration] is not eligible for getting processed by all BeanPostProcessors (for example: not eligible for auto-proxying)
20:40:50.685-[LAPTOP-L9SH1VHI][sys]-- INFO 31376 --- [           main] trationDelegate$BeanPostProcessorChecker : Bean 'springApplicationContextProvider' of type [io.seata.spring.boot.autoconfigure.provider.SpringApplicationContextProvider] is not eligible for getting processed by all BeanPostProcessors (for example: not eligible for auto-proxying)
20:40:50.686-[LAPTOP-L9SH1VHI][sys]-- INFO 31376 --- [           main] trationDelegate$BeanPostProcessorChecker : Bean 'io.seata.spring.boot.autoconfigure.SeataAutoConfiguration' of type [io.seata.spring.boot.autoconfigure.SeataAutoConfiguration] is not eligible for getting processed by all BeanPostProcessors (for example: not eligible for auto-proxying)
20:40:50.770-[LAPTOP-L9SH1VHI][sys]-- INFO 31376 --- [           main] trationDelegate$BeanPostProcessorChecker : Bean 'failureHandler' of type [io.seata.tm.api.DefaultFailureHandlerImpl] is not eligible for getting processed by all BeanPostProcessors (for example: not eligible for auto-proxying)
20:40:50.778-[LAPTOP-L9SH1VHI][sys]-- INFO 31376 --- [           main] trationDelegate$BeanPostProcessorChecker : Bean 'org.springframework.cloud.commons.config.CommonsConfigAutoConfiguration' of type [org.springframework.cloud.commons.config.CommonsConfigAutoConfiguration] is not eligible for getting processed by all BeanPostProcessors (for example: not eligible for auto-proxying)
20:40:50.784-[LAPTOP-L9SH1VHI][sys]-- INFO 31376 --- [           main] trationDelegate$BeanPostProcessorChecker : Bean 'org.springframework.cloud.client.loadbalancer.LoadBalancerDefaultMappingsProviderAutoConfiguration' of type [org.springframework.cloud.client.loadbalancer.LoadBalancerDefaultMappingsProviderAutoConfiguration] is not eligible for getting processed by all BeanPostProcessors (for example: not eligible for auto-proxying)
20:40:50.786-[LAPTOP-L9SH1VHI][sys]-- INFO 31376 --- [           main] trationDelegate$BeanPostProcessorChecker : Bean 'loadBalancerClientsDefaultsMappingsProvider' of type [org.springframework.cloud.client.loadbalancer.LoadBalancerDefaultMappingsProviderAutoConfiguration$$Lambda$640/0x0000000801527820] is not eligible for getting processed by all BeanPostProcessors (for example: not eligible for auto-proxying)
20:40:50.786-[LAPTOP-L9SH1VHI][sys]-- INFO 31376 --- [           main] trationDelegate$BeanPostProcessorChecker : Bean 'defaultsBindHandlerAdvisor' of type [org.springframework.cloud.commons.config.DefaultsBindHandlerAdvisor] is not eligible for getting processed by all BeanPostProcessors (for example: not eligible for auto-proxying)
20:40:50.793-[LAPTOP-L9SH1VHI][sys]-- INFO 31376 --- [           main] trationDelegate$BeanPostProcessorChecker : Bean 'springCloudAlibabaConfiguration' of type [io.seata.spring.boot.autoconfigure.properties.SpringCloudAlibabaConfiguration] is not eligible for getting processed by all BeanPostProcessors (for example: not eligible for auto-proxying)
20:40:50.799-[LAPTOP-L9SH1VHI][sys]-- INFO 31376 --- [           main] trationDelegate$BeanPostProcessorChecker : Bean 'seataProperties' of type [io.seata.spring.boot.autoconfigure.properties.SeataProperties] is not eligible for getting processed by all BeanPostProcessors (for example: not eligible for auto-proxying)
20:40:50.807-[LAPTOP-L9SH1VHI][sys]-- INFO 31376 --- [           main] i.s.s.b.a.SeataAutoConfiguration         : Automatically configure Seata
20:40:50.912-[LAPTOP-L9SH1VHI][sys]-- INFO 31376 --- [           main] io.seata.config.ConfigurationFactory     : load Configuration from :Spring Configuration
20:40:50.920-[LAPTOP-L9SH1VHI][sys]-- INFO 31376 --- [           main] io.seata.config.ConfigurationFactory     : load Configuration from :Spring Configuration
20:40:50.966-[LAPTOP-L9SH1VHI][sys]-- WARN 31376 --- [           main] ConfigServletWebServerApplicationContext : Exception encountered during context initialization - cancelling refresh attempt: org.springframework.beans.factory.BeanCreationException: Error creating bean with name 'globalTransactionScanner' defined in class path resource [io/seata/spring/boot/autoconfigure/SeataAutoConfiguration.class]: Bean instantiation via factory method failed; nested exception is org.springframework.beans.BeanInstantiationException: Failed to instantiate [io.seata.spring.annotation.GlobalTransactionScanner]: Factory method 'globalTransactionScanner' threw exception; nested exception is java.lang.ExceptionInInitializerError
20:40:50.977-[LAPTOP-L9SH1VHI][sys]-- INFO 31376 --- [           main] ConditionEvaluationReportLoggingListener : 

Error starting ApplicationContext. To display the conditions report re-run your application with 'debug' enabled.
20:40:51.024-[LAPTOP-L9SH1VHI][sys]--ERROR 31376 --- [           main] o.s.boot.SpringApplication               : Application run failed
org.springframework.beans.factory.BeanCreationException: Error creating bean with name 'globalTransactionScanner' defined in class path resource [io/seata/spring/boot/autoconfigure/SeataAutoConfiguration.class]: Bean instantiation via factory method failed; nested exception is org.springframework.beans.BeanInstantiationException: Failed to instantiate [io.seata.spring.annotation.GlobalTransactionScanner]: Factory method 'globalTransactionScanner' threw exception; nested exception is java.lang.ExceptionInInitializerError
	at org.springframework.beans.factory.support.ConstructorResolver.instantiate(ConstructorResolver.java:658) ~[spring-beans-5.3.22.jar:5.3.22]
	at org.springframework.beans.factory.support.ConstructorResolver.instantiateUsingFactoryMethod(ConstructorResolver.java:638) ~[spring-beans-5.3.22.jar:5.3.22]
	at org.springframework.beans.factory.support.AbstractAutowireCapableBeanFactory.instantiateUsingFactoryMethod(AbstractAutowireCapableBeanFactory.java:1352) ~[spring-beans-5.3.22.jar:5.3.22]
	at org.springframework.beans.factory.support.AbstractAutowireCapableBeanFactory.createBeanInstance(AbstractAutowireCapableBeanFactory.java:1195) ~[spring-beans-5.3.22.jar:5.3.22]
	at org.springframework.beans.factory.support.AbstractAutowireCapableBeanFactory.doCreateBean(AbstractAutowireCapableBeanFactory.java:582) ~[spring-beans-5.3.22.jar:5.3.22]
	at org.springframework.beans.factory.support.AbstractAutowireCapableBeanFactory.createBean(AbstractAutowireCapableBeanFactory.java:542) ~[spring-beans-5.3.22.jar:5.3.22]
	at org.springframework.beans.factory.support.AbstractBeanFactory.lambda$doGetBean$0(AbstractBeanFactory.java:335) ~[spring-beans-5.3.22.jar:5.3.22]
	at org.springframework.beans.factory.support.DefaultSingletonBeanRegistry.getSingleton(DefaultSingletonBeanRegistry.java:234) ~[spring-beans-5.3.22.jar:5.3.22]
	at org.springframework.beans.factory.support.AbstractBeanFactory.doGetBean(AbstractBeanFactory.java:333) ~[spring-beans-5.3.22.jar:5.3.22]
	at org.springframework.beans.factory.support.AbstractBeanFactory.getBean(AbstractBeanFactory.java:213) ~[spring-beans-5.3.22.jar:5.3.22]
	at org.springframework.context.support.PostProcessorRegistrationDelegate.registerBeanPostProcessors(PostProcessorRegistrationDelegate.java:258) ~[spring-context-5.3.22.jar:5.3.22]
	at org.springframework.context.support.AbstractApplicationContext.registerBeanPostProcessors(AbstractApplicationContext.java:762) ~[spring-context-5.3.22.jar:5.3.22]
	at org.springframework.context.support.AbstractApplicationContext.refresh(AbstractApplicationContext.java:567) ~[spring-context-5.3.22.jar:5.3.22]
	at org.springframework.boot.web.servlet.context.ServletWebServerApplicationContext.refresh(ServletWebServerApplicationContext.java:147) ~[spring-boot-2.7.2.jar:2.7.2]
	at org.springframework.boot.SpringApplication.refresh(SpringApplication.java:734) ~[spring-boot-2.7.2.jar:2.7.2]
	at org.springframework.boot.SpringApplication.refreshContext(SpringApplication.java:408) ~[spring-boot-2.7.2.jar:2.7.2]
	at org.springframework.boot.SpringApplication.run(SpringApplication.java:308) ~[spring-boot-2.7.2.jar:2.7.2]
	at com.tianji.course.CourseApplication.main(CourseApplication.java:29) ~[classes/:na]
Caused by: org.springframework.beans.BeanInstantiationException: Failed to instantiate [io.seata.spring.annotation.GlobalTransactionScanner]: Factory method 'globalTransactionScanner' threw exception; nested exception is java.lang.ExceptionInInitializerError
	at org.springframework.beans.factory.support.SimpleInstantiationStrategy.instantiate(SimpleInstantiationStrategy.java:185) ~[spring-beans-5.3.22.jar:5.3.22]
	at org.springframework.beans.factory.support.ConstructorResolver.instantiate(ConstructorResolver.java:653) ~[spring-beans-5.3.22.jar:5.3.22]
	... 17 common frames omitted
Caused by: java.lang.ExceptionInInitializerError: null
	at net.sf.cglib.core.KeyFactory$Generator.generateClass(KeyFactory.java:166) ~[cglib-3.1.jar:na]
	at net.sf.cglib.core.DefaultGeneratorStrategy.generate(DefaultGeneratorStrategy.java:25) ~[cglib-3.1.jar:na]
	at net.sf.cglib.core.AbstractClassGenerator.create(AbstractClassGenerator.java:216) ~[cglib-3.1.jar:na]
	at net.sf.cglib.core.KeyFactory$Generator.create(KeyFactory.java:144) ~[cglib-3.1.jar:na]
	at net.sf.cglib.core.KeyFactory.create(KeyFactory.java:116) ~[cglib-3.1.jar:na]
	at net.sf.cglib.core.KeyFactory.create(KeyFactory.java:108) ~[cglib-3.1.jar:na]
	at net.sf.cglib.core.KeyFactory.create(KeyFactory.java:104) ~[cglib-3.1.jar:na]
	at net.sf.cglib.proxy.Enhancer.<clinit>(Enhancer.java:69) ~[cglib-3.1.jar:na]
	at io.seata.config.ConfigurationCache.proxy(ConfigurationCache.java:104) ~[seata-all-1.5.1.jar:1.5.1]
	at io.seata.config.ConfigurationFactory.buildConfiguration(ConfigurationFactory.java:136) ~[seata-all-1.5.1.jar:1.5.1]
	at io.seata.config.ConfigurationFactory.getInstance(ConfigurationFactory.java:94) ~[seata-all-1.5.1.jar:1.5.1]
	at io.seata.spring.annotation.GlobalTransactionScanner.<init>(GlobalTransactionScanner.java:105) ~[seata-all-1.5.1.jar:1.5.1]
	at io.seata.spring.annotation.GlobalTransactionScanner.<init>(GlobalTransactionScanner.java:162) ~[seata-all-1.5.1.jar:1.5.1]
	at io.seata.spring.boot.autoconfigure.SeataAutoConfiguration.globalTransactionScanner(SeataAutoConfiguration.java:83) ~[seata-spring-boot-starter-1.5.1.jar:1.5.1]
	at java.base/jdk.internal.reflect.DirectMethodHandleAccessor.invoke(DirectMethodHandleAccessor.java:104) ~[na:na]
	at java.base/java.lang.reflect.Method.invoke(Method.java:578) ~[na:na]
	at org.springframework.beans.factory.support.SimpleInstantiationStrategy.instantiate(SimpleInstantiationStrategy.java:154) ~[spring-beans-5.3.22.jar:5.3.22]
	... 18 common frames omitted
Caused by: java.lang.reflect.InaccessibleObjectException: Unable to make protected final java.lang.Class java.lang.ClassLoader.defineClass(java.lang.String,byte[],int,int,java.security.ProtectionDomain) throws java.lang.ClassFormatError accessible: module java.base does not "opens java.lang" to unnamed module @2e1d27ba
	at java.base/java.lang.reflect.AccessibleObject.throwInaccessibleObjectException(AccessibleObject.java:387) ~[na:na]
	at java.base/java.lang.reflect.AccessibleObject.checkCanSetAccessible(AccessibleObject.java:363) ~[na:na]
	at java.base/java.lang.reflect.AccessibleObject.checkCanSetAccessible(AccessibleObject.java:311) ~[na:na]
	at java.base/java.lang.reflect.Method.checkCanSetAccessible(Method.java:201) ~[na:na]
	at java.base/java.lang.reflect.Method.setAccessible(Method.java:195) ~[na:na]
	at net.sf.cglib.core.ReflectUtils$2.run(ReflectUtils.java:56) ~[cglib-3.1.jar:na]
	at java.base/java.security.AccessController.doPrivileged(AccessController.java:318) ~[na:na]
	at net.sf.cglib.core.ReflectUtils.<clinit>(ReflectUtils.java:46) ~[cglib-3.1.jar:na]
	... 35 common frames omitted
20:40:51.034-[LAPTOP-L9SH1VHI][sys]-- WARN 31376 --- [       Thread-1] c.a.n.common.http.HttpClientBeanHolder   : [HttpClientBeanHolder] Start destroying common HttpClient
21:07:32.179-[LAPTOP-L9SH1VHI][sys]-- INFO 24240 --- [           main] com.tianji.course.CourseApplication      : The following 1 profile is active: "local"
21:07:33.590-[LAPTOP-L9SH1VHI][sys]-- INFO 24240 --- [           main] .s.d.r.c.RepositoryConfigurationDelegate : Multiple Spring Data modules found, entering strict repository configuration mode
21:07:33.593-[LAPTOP-L9SH1VHI][sys]-- INFO 24240 --- [           main] .s.d.r.c.RepositoryConfigurationDelegate : Bootstrapping Spring Data Redis repositories in DEFAULT mode.
21:07:33.640-[LAPTOP-L9SH1VHI][sys]-- INFO 24240 --- [           main] .s.d.r.c.RepositoryConfigurationDelegate : Finished Spring Data repository scanning in 22 ms. Found 0 Redis repository interfaces.
21:07:34.130-[LAPTOP-L9SH1VHI][sys]-- INFO 24240 --- [           main] o.s.cloud.context.scope.GenericScope     : BeanFactory id=3428ecc9-bde5-36e7-8575-c3c63a1be757
21:07:34.294-[LAPTOP-L9SH1VHI][sys]-- INFO 24240 --- [           main] trationDelegate$BeanPostProcessorChecker : Bean 'io.seata.spring.boot.autoconfigure.SeataCoreAutoConfiguration' of type [io.seata.spring.boot.autoconfigure.SeataCoreAutoConfiguration] is not eligible for getting processed by all BeanPostProcessors (for example: not eligible for auto-proxying)
21:07:34.295-[LAPTOP-L9SH1VHI][sys]-- INFO 24240 --- [           main] trationDelegate$BeanPostProcessorChecker : Bean 'springApplicationContextProvider' of type [io.seata.spring.boot.autoconfigure.provider.SpringApplicationContextProvider] is not eligible for getting processed by all BeanPostProcessors (for example: not eligible for auto-proxying)
21:07:34.295-[LAPTOP-L9SH1VHI][sys]-- INFO 24240 --- [           main] trationDelegate$BeanPostProcessorChecker : Bean 'io.seata.spring.boot.autoconfigure.SeataAutoConfiguration' of type [io.seata.spring.boot.autoconfigure.SeataAutoConfiguration] is not eligible for getting processed by all BeanPostProcessors (for example: not eligible for auto-proxying)
21:07:34.373-[LAPTOP-L9SH1VHI][sys]-- INFO 24240 --- [           main] trationDelegate$BeanPostProcessorChecker : Bean 'failureHandler' of type [io.seata.tm.api.DefaultFailureHandlerImpl] is not eligible for getting processed by all BeanPostProcessors (for example: not eligible for auto-proxying)
21:07:34.379-[LAPTOP-L9SH1VHI][sys]-- INFO 24240 --- [           main] trationDelegate$BeanPostProcessorChecker : Bean 'org.springframework.cloud.commons.config.CommonsConfigAutoConfiguration' of type [org.springframework.cloud.commons.config.CommonsConfigAutoConfiguration] is not eligible for getting processed by all BeanPostProcessors (for example: not eligible for auto-proxying)
21:07:34.386-[LAPTOP-L9SH1VHI][sys]-- INFO 24240 --- [           main] trationDelegate$BeanPostProcessorChecker : Bean 'org.springframework.cloud.client.loadbalancer.LoadBalancerDefaultMappingsProviderAutoConfiguration' of type [org.springframework.cloud.client.loadbalancer.LoadBalancerDefaultMappingsProviderAutoConfiguration] is not eligible for getting processed by all BeanPostProcessors (for example: not eligible for auto-proxying)
21:07:34.387-[LAPTOP-L9SH1VHI][sys]-- INFO 24240 --- [           main] trationDelegate$BeanPostProcessorChecker : Bean 'loadBalancerClientsDefaultsMappingsProvider' of type [org.springframework.cloud.client.loadbalancer.LoadBalancerDefaultMappingsProviderAutoConfiguration$$Lambda$629/0x000000080151db30] is not eligible for getting processed by all BeanPostProcessors (for example: not eligible for auto-proxying)
21:07:34.389-[LAPTOP-L9SH1VHI][sys]-- INFO 24240 --- [           main] trationDelegate$BeanPostProcessorChecker : Bean 'defaultsBindHandlerAdvisor' of type [org.springframework.cloud.commons.config.DefaultsBindHandlerAdvisor] is not eligible for getting processed by all BeanPostProcessors (for example: not eligible for auto-proxying)
21:07:34.395-[LAPTOP-L9SH1VHI][sys]-- INFO 24240 --- [           main] trationDelegate$BeanPostProcessorChecker : Bean 'springCloudAlibabaConfiguration' of type [io.seata.spring.boot.autoconfigure.properties.SpringCloudAlibabaConfiguration] is not eligible for getting processed by all BeanPostProcessors (for example: not eligible for auto-proxying)
21:07:34.402-[LAPTOP-L9SH1VHI][sys]-- INFO 24240 --- [           main] trationDelegate$BeanPostProcessorChecker : Bean 'seataProperties' of type [io.seata.spring.boot.autoconfigure.properties.SeataProperties] is not eligible for getting processed by all BeanPostProcessors (for example: not eligible for auto-proxying)
21:07:34.410-[LAPTOP-L9SH1VHI][sys]-- INFO 24240 --- [           main] i.s.s.b.a.SeataAutoConfiguration         : Automatically configure Seata
21:07:34.497-[LAPTOP-L9SH1VHI][sys]-- INFO 24240 --- [           main] io.seata.config.ConfigurationFactory     : load Configuration from :Spring Configuration
21:07:34.506-[LAPTOP-L9SH1VHI][sys]-- INFO 24240 --- [           main] io.seata.config.ConfigurationFactory     : load Configuration from :Spring Configuration
21:07:34.540-[LAPTOP-L9SH1VHI][sys]-- WARN 24240 --- [           main] ConfigServletWebServerApplicationContext : Exception encountered during context initialization - cancelling refresh attempt: org.springframework.beans.factory.BeanCreationException: Error creating bean with name 'globalTransactionScanner' defined in class path resource [io/seata/spring/boot/autoconfigure/SeataAutoConfiguration.class]: Bean instantiation via factory method failed; nested exception is org.springframework.beans.BeanInstantiationException: Failed to instantiate [io.seata.spring.annotation.GlobalTransactionScanner]: Factory method 'globalTransactionScanner' threw exception; nested exception is java.lang.ExceptionInInitializerError
21:07:34.550-[LAPTOP-L9SH1VHI][sys]-- INFO 24240 --- [           main] ConditionEvaluationReportLoggingListener : 

Error starting ApplicationContext. To display the conditions report re-run your application with 'debug' enabled.
21:07:34.589-[LAPTOP-L9SH1VHI][sys]--ERROR 24240 --- [           main] o.s.boot.SpringApplication               : Application run failed
org.springframework.beans.factory.BeanCreationException: Error creating bean with name 'globalTransactionScanner' defined in class path resource [io/seata/spring/boot/autoconfigure/SeataAutoConfiguration.class]: Bean instantiation via factory method failed; nested exception is org.springframework.beans.BeanInstantiationException: Failed to instantiate [io.seata.spring.annotation.GlobalTransactionScanner]: Factory method 'globalTransactionScanner' threw exception; nested exception is java.lang.ExceptionInInitializerError
	at org.springframework.beans.factory.support.ConstructorResolver.instantiate(ConstructorResolver.java:658) ~[spring-beans-5.3.22.jar:5.3.22]
	at org.springframework.beans.factory.support.ConstructorResolver.instantiateUsingFactoryMethod(ConstructorResolver.java:638) ~[spring-beans-5.3.22.jar:5.3.22]
	at org.springframework.beans.factory.support.AbstractAutowireCapableBeanFactory.instantiateUsingFactoryMethod(AbstractAutowireCapableBeanFactory.java:1352) ~[spring-beans-5.3.22.jar:5.3.22]
	at org.springframework.beans.factory.support.AbstractAutowireCapableBeanFactory.createBeanInstance(AbstractAutowireCapableBeanFactory.java:1195) ~[spring-beans-5.3.22.jar:5.3.22]
	at org.springframework.beans.factory.support.AbstractAutowireCapableBeanFactory.doCreateBean(AbstractAutowireCapableBeanFactory.java:582) ~[spring-beans-5.3.22.jar:5.3.22]
	at org.springframework.beans.factory.support.AbstractAutowireCapableBeanFactory.createBean(AbstractAutowireCapableBeanFactory.java:542) ~[spring-beans-5.3.22.jar:5.3.22]
	at org.springframework.beans.factory.support.AbstractBeanFactory.lambda$doGetBean$0(AbstractBeanFactory.java:335) ~[spring-beans-5.3.22.jar:5.3.22]
	at org.springframework.beans.factory.support.DefaultSingletonBeanRegistry.getSingleton(DefaultSingletonBeanRegistry.java:234) ~[spring-beans-5.3.22.jar:5.3.22]
	at org.springframework.beans.factory.support.AbstractBeanFactory.doGetBean(AbstractBeanFactory.java:333) ~[spring-beans-5.3.22.jar:5.3.22]
	at org.springframework.beans.factory.support.AbstractBeanFactory.getBean(AbstractBeanFactory.java:213) ~[spring-beans-5.3.22.jar:5.3.22]
	at org.springframework.context.support.PostProcessorRegistrationDelegate.registerBeanPostProcessors(PostProcessorRegistrationDelegate.java:258) ~[spring-context-5.3.22.jar:5.3.22]
	at org.springframework.context.support.AbstractApplicationContext.registerBeanPostProcessors(AbstractApplicationContext.java:762) ~[spring-context-5.3.22.jar:5.3.22]
	at org.springframework.context.support.AbstractApplicationContext.refresh(AbstractApplicationContext.java:567) ~[spring-context-5.3.22.jar:5.3.22]
	at org.springframework.boot.web.servlet.context.ServletWebServerApplicationContext.refresh(ServletWebServerApplicationContext.java:147) ~[spring-boot-2.7.2.jar:2.7.2]
	at org.springframework.boot.SpringApplication.refresh(SpringApplication.java:734) ~[spring-boot-2.7.2.jar:2.7.2]
	at org.springframework.boot.SpringApplication.refreshContext(SpringApplication.java:408) ~[spring-boot-2.7.2.jar:2.7.2]
	at org.springframework.boot.SpringApplication.run(SpringApplication.java:308) ~[spring-boot-2.7.2.jar:2.7.2]
	at com.tianji.course.CourseApplication.main(CourseApplication.java:29) ~[classes/:na]
Caused by: org.springframework.beans.BeanInstantiationException: Failed to instantiate [io.seata.spring.annotation.GlobalTransactionScanner]: Factory method 'globalTransactionScanner' threw exception; nested exception is java.lang.ExceptionInInitializerError
	at org.springframework.beans.factory.support.SimpleInstantiationStrategy.instantiate(SimpleInstantiationStrategy.java:185) ~[spring-beans-5.3.22.jar:5.3.22]
	at org.springframework.beans.factory.support.ConstructorResolver.instantiate(ConstructorResolver.java:653) ~[spring-beans-5.3.22.jar:5.3.22]
	... 17 common frames omitted
Caused by: java.lang.ExceptionInInitializerError: null
	at net.sf.cglib.core.KeyFactory$Generator.generateClass(KeyFactory.java:166) ~[cglib-3.1.jar:na]
	at net.sf.cglib.core.DefaultGeneratorStrategy.generate(DefaultGeneratorStrategy.java:25) ~[cglib-3.1.jar:na]
	at net.sf.cglib.core.AbstractClassGenerator.create(AbstractClassGenerator.java:216) ~[cglib-3.1.jar:na]
	at net.sf.cglib.core.KeyFactory$Generator.create(KeyFactory.java:144) ~[cglib-3.1.jar:na]
	at net.sf.cglib.core.KeyFactory.create(KeyFactory.java:116) ~[cglib-3.1.jar:na]
	at net.sf.cglib.core.KeyFactory.create(KeyFactory.java:108) ~[cglib-3.1.jar:na]
	at net.sf.cglib.core.KeyFactory.create(KeyFactory.java:104) ~[cglib-3.1.jar:na]
	at net.sf.cglib.proxy.Enhancer.<clinit>(Enhancer.java:69) ~[cglib-3.1.jar:na]
	at io.seata.config.ConfigurationCache.proxy(ConfigurationCache.java:104) ~[seata-all-1.5.1.jar:1.5.1]
	at io.seata.config.ConfigurationFactory.buildConfiguration(ConfigurationFactory.java:136) ~[seata-all-1.5.1.jar:1.5.1]
	at io.seata.config.ConfigurationFactory.getInstance(ConfigurationFactory.java:94) ~[seata-all-1.5.1.jar:1.5.1]
	at io.seata.spring.annotation.GlobalTransactionScanner.<init>(GlobalTransactionScanner.java:105) ~[seata-all-1.5.1.jar:1.5.1]
	at io.seata.spring.annotation.GlobalTransactionScanner.<init>(GlobalTransactionScanner.java:162) ~[seata-all-1.5.1.jar:1.5.1]
	at io.seata.spring.boot.autoconfigure.SeataAutoConfiguration.globalTransactionScanner(SeataAutoConfiguration.java:83) ~[seata-spring-boot-starter-1.5.1.jar:1.5.1]
	at java.base/jdk.internal.reflect.DirectMethodHandleAccessor.invoke(DirectMethodHandleAccessor.java:104) ~[na:na]
	at java.base/java.lang.reflect.Method.invoke(Method.java:578) ~[na:na]
	at org.springframework.beans.factory.support.SimpleInstantiationStrategy.instantiate(SimpleInstantiationStrategy.java:154) ~[spring-beans-5.3.22.jar:5.3.22]
	... 18 common frames omitted
Caused by: java.lang.reflect.InaccessibleObjectException: Unable to make protected final java.lang.Class java.lang.ClassLoader.defineClass(java.lang.String,byte[],int,int,java.security.ProtectionDomain) throws java.lang.ClassFormatError accessible: module java.base does not "opens java.lang" to unnamed module @4f67eb2a
	at java.base/java.lang.reflect.AccessibleObject.throwInaccessibleObjectException(AccessibleObject.java:387) ~[na:na]
	at java.base/java.lang.reflect.AccessibleObject.checkCanSetAccessible(AccessibleObject.java:363) ~[na:na]
	at java.base/java.lang.reflect.AccessibleObject.checkCanSetAccessible(AccessibleObject.java:311) ~[na:na]
	at java.base/java.lang.reflect.Method.checkCanSetAccessible(Method.java:201) ~[na:na]
	at java.base/java.lang.reflect.Method.setAccessible(Method.java:195) ~[na:na]
	at net.sf.cglib.core.ReflectUtils$2.run(ReflectUtils.java:56) ~[cglib-3.1.jar:na]
	at java.base/java.security.AccessController.doPrivileged(AccessController.java:318) ~[na:na]
	at net.sf.cglib.core.ReflectUtils.<clinit>(ReflectUtils.java:46) ~[cglib-3.1.jar:na]
	... 35 common frames omitted
21:07:34.591-[LAPTOP-L9SH1VHI][sys]-- WARN 24240 --- [       Thread-1] c.a.n.common.http.HttpClientBeanHolder   : [HttpClientBeanHolder] Start destroying common HttpClient
