11:28:52.456-[LAPTOP-L9SH1VHI][sys]-- INFO 1144 --- [           main] com.tianji.user.UserApplication          : The following 1 profile is active: "local"
11:28:53.726-[LAPTOP-L9SH1VHI][sys]-- INFO 1144 --- [           main] .s.d.r.c.RepositoryConfigurationDelegate : Multiple Spring Data modules found, entering strict repository configuration mode
11:28:53.729-[LAPTOP-L9SH1VHI][sys]-- INFO 1144 --- [           main] .s.d.r.c.RepositoryConfigurationDelegate : Bootstrapping Spring Data Redis repositories in DEFAULT mode.
11:28:53.763-[LAPTOP-L9SH1VHI][sys]-- INFO 1144 --- [           main] .s.d.r.c.RepositoryConfigurationDelegate : Finished Spring Data repository scanning in 17 ms. Found 0 Redis repository interfaces.
11:28:54.176-[LAPTOP-L9SH1VHI][sys]-- INFO 1144 --- [           main] o.s.cloud.context.scope.GenericScope     : BeanFactory id=e30c7c66-3129-3c30-be31-b5f4b1249215
11:28:54.656-[LAPTOP-L9SH1VHI][sys]-- INFO 1144 --- [           main] trationDelegate$BeanPostProcessorChecker : Bean 'org.springframework.cloud.commons.config.CommonsConfigAutoConfiguration' of type [org.springframework.cloud.commons.config.CommonsConfigAutoConfiguration] is not eligible for getting processed by all BeanPostProcessors (for example: not eligible for auto-proxying)
11:28:54.660-[LAPTOP-L9SH1VHI][sys]-- INFO 1144 --- [           main] trationDelegate$BeanPostProcessorChecker : Bean 'org.springframework.cloud.client.loadbalancer.LoadBalancerDefaultMappingsProviderAutoConfiguration' of type [org.springframework.cloud.client.loadbalancer.LoadBalancerDefaultMappingsProviderAutoConfiguration] is not eligible for getting processed by all BeanPostProcessors (for example: not eligible for auto-proxying)
11:28:54.662-[LAPTOP-L9SH1VHI][sys]-- INFO 1144 --- [           main] trationDelegate$BeanPostProcessorChecker : Bean 'loadBalancerClientsDefaultsMappingsProvider' of type [org.springframework.cloud.client.loadbalancer.LoadBalancerDefaultMappingsProviderAutoConfiguration$$Lambda$619/0x000000080153ea00] is not eligible for getting processed by all BeanPostProcessors (for example: not eligible for auto-proxying)
11:28:54.665-[LAPTOP-L9SH1VHI][sys]-- INFO 1144 --- [           main] trationDelegate$BeanPostProcessorChecker : Bean 'defaultsBindHandlerAdvisor' of type [org.springframework.cloud.commons.config.DefaultsBindHandlerAdvisor] is not eligible for getting processed by all BeanPostProcessors (for example: not eligible for auto-proxying)
11:28:54.713-[LAPTOP-L9SH1VHI][sys]-- INFO 1144 --- [           main] trationDelegate$BeanPostProcessorChecker : Bean 'spring.cloud.sentinel-com.alibaba.cloud.sentinel.SentinelProperties' of type [com.alibaba.cloud.sentinel.SentinelProperties] is not eligible for getting processed by all BeanPostProcessors (for example: not eligible for auto-proxying)
11:28:54.717-[LAPTOP-L9SH1VHI][sys]-- INFO 1144 --- [           main] trationDelegate$BeanPostProcessorChecker : Bean 'com.alibaba.cloud.sentinel.custom.SentinelAutoConfiguration' of type [com.alibaba.cloud.sentinel.custom.SentinelAutoConfiguration] is not eligible for getting processed by all BeanPostProcessors (for example: not eligible for auto-proxying)
11:28:55.103-[LAPTOP-L9SH1VHI][sys]-- INFO 1144 --- [           main] o.s.b.w.embedded.tomcat.TomcatWebServer  : Tomcat initialized with port(s): 8082 (http)
11:28:55.120-[LAPTOP-L9SH1VHI][sys]-- INFO 1144 --- [           main] o.apache.catalina.core.StandardService   : Starting service [Tomcat]
11:28:55.121-[LAPTOP-L9SH1VHI][sys]-- INFO 1144 --- [           main] org.apache.catalina.core.StandardEngine  : Starting Servlet engine: [Apache Tomcat/9.0.65]
11:28:55.303-[LAPTOP-L9SH1VHI][sys]-- INFO 1144 --- [           main] o.a.c.c.C.[Tomcat].[localhost].[/]       : Initializing Spring embedded WebApplicationContext
11:28:55.303-[LAPTOP-L9SH1VHI][sys]-- INFO 1144 --- [           main] w.s.c.ServletWebServerApplicationContext : Root WebApplicationContext: initialization completed in 2815 ms
11:28:56.457-[LAPTOP-L9SH1VHI][sys]-- INFO 1144 --- [           main] o.s.c.openfeign.FeignClientFactoryBean   : For 'auth-service' URL not provided. Will try picking an instance via load-balancing.
11:28:57.478-[LAPTOP-L9SH1VHI][sys]-- INFO 1144 --- [           main] o.s.c.openfeign.FeignClientFactoryBean   : For 'trade-service' URL not provided. Will try picking an instance via load-balancing.
11:28:57.523-[LAPTOP-L9SH1VHI][sys]-- INFO 1144 --- [           main] o.s.c.openfeign.FeignClientFactoryBean   : For 'course-service' URL not provided. Will try picking an instance via load-balancing.
11:28:57.833-[LAPTOP-L9SH1VHI][sys]-- INFO 1144 --- [           main] c.a.c.sentinel.SentinelWebMvcConfigurer  : [Sentinel Starter] register SentinelWebInterceptor with urlPatterns: [/**].
11:28:58.363-[LAPTOP-L9SH1VHI][sys]-- INFO 1144 --- [           main] o.s.c.openfeign.FeignClientFactoryBean   : For 'course-service' URL not provided. Will try picking an instance via load-balancing.
11:29:00.070-[LAPTOP-L9SH1VHI][sys]-- INFO 1144 --- [           main] com.alibaba.nacos.client.naming          : initializer namespace from System Property :null
11:29:00.071-[LAPTOP-L9SH1VHI][sys]-- INFO 1144 --- [           main] com.alibaba.nacos.client.naming          : initializer namespace from System Environment :null
11:29:00.071-[LAPTOP-L9SH1VHI][sys]-- INFO 1144 --- [           main] com.alibaba.nacos.client.naming          : initializer namespace from System Property :null
11:29:00.123-[LAPTOP-L9SH1VHI][sys]-- INFO 1144 --- [           main] com.alibaba.nacos.client.naming          : new ips(1) service: DEFAULT_GROUP@@user-service@@DEFAULT -> [{"instanceId":"192.168.150.101#8082#DEFAULT#DEFAULT_GROUP@@user-service","ip":"192.168.150.101","port":8082,"weight":1.0,"healthy":true,"enabled":true,"ephemeral":true,"clusterName":"DEFAULT","serviceName":"DEFAULT_GROUP@@user-service","metadata":{"preserved.register.source":"SPRING_CLOUD"},"ipDeleteTimeout":30000,"instanceHeartBeatTimeOut":15000,"instanceHeartBeatInterval":5000}]
11:29:00.129-[LAPTOP-L9SH1VHI][sys]-- INFO 1144 --- [           main] com.alibaba.nacos.client.naming          : current ips:(1) service: DEFAULT_GROUP@@user-service@@DEFAULT -> [{"instanceId":"192.168.150.101#8082#DEFAULT#DEFAULT_GROUP@@user-service","ip":"192.168.150.101","port":8082,"weight":1.0,"healthy":true,"enabled":true,"ephemeral":true,"clusterName":"DEFAULT","serviceName":"DEFAULT_GROUP@@user-service","metadata":{"preserved.register.source":"SPRING_CLOUD"},"ipDeleteTimeout":30000,"instanceHeartBeatTimeOut":15000,"instanceHeartBeatInterval":5000}]
11:29:00.171-[LAPTOP-L9SH1VHI][sys]-- INFO 1144 --- [           main] o.s.b.w.embedded.tomcat.TomcatWebServer  : Tomcat started on port(s): 8082 (http) with context path ''
11:29:00.178-[LAPTOP-L9SH1VHI][sys]-- INFO 1144 --- [           main] com.alibaba.nacos.client.naming          : [BEAT] adding beat: BeatInfo{port=8082, ip='192.168.150.1', weight=1.0, serviceName='DEFAULT_GROUP@@user-service', cluster='DEFAULT', metadata={preserved.register.source=SPRING_CLOUD}, scheduled=false, period=5000, stopped=false} to beat map.
11:29:00.180-[LAPTOP-L9SH1VHI][sys]-- INFO 1144 --- [           main] com.alibaba.nacos.client.naming          : [REGISTER-SERVICE] f923fb34-cb0a-4c06-8fca-ad61ea61a3f0 registering service DEFAULT_GROUP@@user-service with instance: Instance{instanceId='null', ip='192.168.150.1', port=8082, weight=1.0, healthy=true, enabled=true, ephemeral=true, clusterName='DEFAULT', serviceName='null', metadata={preserved.register.source=SPRING_CLOUD}}
11:29:00.194-[LAPTOP-L9SH1VHI][sys]-- INFO 1144 --- [           main] c.a.c.n.registry.NacosServiceRegistry    : nacos registry, DEFAULT_GROUP user-service 192.168.150.1:8082 register finished
11:29:00.661-[LAPTOP-L9SH1VHI][sys]-- INFO 1144 --- [g.push.receiver] com.alibaba.nacos.client.naming          : received push data: {"type":"dom","data":"{\"name\":\"DEFAULT_GROUP@@user-service\",\"clusters\":\"DEFAULT\",\"cacheMillis\":10000,\"hosts\":[{\"instanceId\":\"192.168.150.1#8082#DEFAULT#DEFAULT_GROUP@@user-service\",\"ip\":\"192.168.150.1\",\"port\":8082,\"weight\":1.0,\"healthy\":true,\"enabled\":true,\"ephemeral\":true,\"clusterName\":\"DEFAULT\",\"serviceName\":\"DEFAULT_GROUP@@user-service\",\"metadata\":{\"preserved.register.source\":\"SPRING_CLOUD\"},\"instanceHeartBeatInterval\":5000,\"instanceHeartBeatTimeOut\":15000,\"ipDeleteTimeout\":30000},{\"instanceId\":\"192.168.150.101#8082#DEFAULT#DEFAULT_GROUP@@user-service\",\"ip\":\"192.168.150.101\",\"port\":8082,\"weight\":1.0,\"healthy\":true,\"enabled\":true,\"ephemeral\":true,\"clusterName\":\"DEFAULT\",\"serviceName\":\"DEFAULT_GROUP@@user-service\",\"metadata\":{\"preserved.register.source\":\"SPRING_CLOUD\"},\"instanceHeartBeatInterval\":5000,\"instanceHeartBeatTimeOut\":15000,\"ipDeleteTimeout\":30000}],\"lastRefTime\":1726889343423,\"checksum\":\"\",\"allIPs\":false,\"reachProtectionThreshold\":false,\"valid\":true}","lastRefTime":672958423961} from /192.168.150.101
11:29:00.664-[LAPTOP-L9SH1VHI][sys]-- INFO 1144 --- [g.push.receiver] com.alibaba.nacos.client.naming          : new ips(1) service: DEFAULT_GROUP@@user-service@@DEFAULT -> [{"instanceId":"192.168.150.1#8082#DEFAULT#DEFAULT_GROUP@@user-service","ip":"192.168.150.1","port":8082,"weight":1.0,"healthy":true,"enabled":true,"ephemeral":true,"clusterName":"DEFAULT","serviceName":"DEFAULT_GROUP@@user-service","metadata":{"preserved.register.source":"SPRING_CLOUD"},"ipDeleteTimeout":30000,"instanceHeartBeatTimeOut":15000,"instanceHeartBeatInterval":5000}]
11:29:00.665-[LAPTOP-L9SH1VHI][sys]-- INFO 1144 --- [g.push.receiver] com.alibaba.nacos.client.naming          : current ips:(2) service: DEFAULT_GROUP@@user-service@@DEFAULT -> [{"instanceId":"192.168.150.1#8082#DEFAULT#DEFAULT_GROUP@@user-service","ip":"192.168.150.1","port":8082,"weight":1.0,"healthy":true,"enabled":true,"ephemeral":true,"clusterName":"DEFAULT","serviceName":"DEFAULT_GROUP@@user-service","metadata":{"preserved.register.source":"SPRING_CLOUD"},"ipDeleteTimeout":30000,"instanceHeartBeatTimeOut":15000,"instanceHeartBeatInterval":5000},{"instanceId":"192.168.150.101#8082#DEFAULT#DEFAULT_GROUP@@user-service","ip":"192.168.150.101","port":8082,"weight":1.0,"healthy":true,"enabled":true,"ephemeral":true,"clusterName":"DEFAULT","serviceName":"DEFAULT_GROUP@@user-service","metadata":{"preserved.register.source":"SPRING_CLOUD"},"ipDeleteTimeout":30000,"instanceHeartBeatTimeOut":15000,"instanceHeartBeatInterval":5000}]
11:29:01.688-[LAPTOP-L9SH1VHI][sys]-- INFO 1144 --- [           main] com.tianji.user.UserApplication          : Started UserApplication in 13.107 seconds (JVM running for 14.668)
11:29:01.692-[LAPTOP-L9SH1VHI][sys]-- INFO 1144 --- [           main] c.a.n.client.config.impl.ClientWorker    : [fixed-192.168.150.101_8848] [subscribe] user-service.yaml+DEFAULT_GROUP
11:29:01.693-[LAPTOP-L9SH1VHI][sys]-- INFO 1144 --- [           main] c.a.nacos.client.config.impl.CacheData   : [fixed-192.168.150.101_8848] [add-listener] ok, tenant=, dataId=user-service.yaml, group=DEFAULT_GROUP, cnt=1
11:29:01.693-[LAPTOP-L9SH1VHI][sys]-- INFO 1144 --- [           main] c.a.c.n.refresh.NacosContextRefresher    : listening config: dataId=user-service.yaml, group=DEFAULT_GROUP
11:29:01.693-[LAPTOP-L9SH1VHI][sys]-- INFO 1144 --- [           main] c.a.n.client.config.impl.ClientWorker    : [fixed-192.168.150.101_8848] [subscribe] user-service-local.yaml+DEFAULT_GROUP
11:29:01.693-[LAPTOP-L9SH1VHI][sys]-- INFO 1144 --- [           main] c.a.nacos.client.config.impl.CacheData   : [fixed-192.168.150.101_8848] [add-listener] ok, tenant=, dataId=user-service-local.yaml, group=DEFAULT_GROUP, cnt=1
11:29:01.693-[LAPTOP-L9SH1VHI][sys]-- INFO 1144 --- [           main] c.a.c.n.refresh.NacosContextRefresher    : listening config: dataId=user-service-local.yaml, group=DEFAULT_GROUP
11:29:01.694-[LAPTOP-L9SH1VHI][sys]-- INFO 1144 --- [           main] c.a.n.client.config.impl.ClientWorker    : [fixed-192.168.150.101_8848] [subscribe] user-service+DEFAULT_GROUP
11:29:01.694-[LAPTOP-L9SH1VHI][sys]-- INFO 1144 --- [           main] c.a.nacos.client.config.impl.CacheData   : [fixed-192.168.150.101_8848] [add-listener] ok, tenant=, dataId=user-service, group=DEFAULT_GROUP, cnt=1
11:29:01.694-[LAPTOP-L9SH1VHI][sys]-- INFO 1144 --- [           main] c.a.c.n.refresh.NacosContextRefresher    : listening config: dataId=user-service, group=DEFAULT_GROUP
11:29:01.695-[LAPTOP-L9SH1VHI][sys]-- INFO 1144 --- [           main] com.tianji.user.UserApplication          : --/
---------------------------------------------------------------------------------------
	Application 'user-service' is running! Access URLs:
	Local: 		http://localhost:8082
	External: 	http://192.168.150.1:8082
	Profile(s): 	[local]
---------------------------------------------------------------------------------------
11:41:45.183-[LAPTOP-L9SH1VHI][sys]-- INFO 1144 --- [nio-8082-exec-1] o.a.c.c.C.[Tomcat].[localhost].[/]       : Initializing Spring DispatcherServlet 'dispatcherServlet'
11:41:45.183-[LAPTOP-L9SH1VHI][sys]-- INFO 1144 --- [nio-8082-exec-1] o.s.web.servlet.DispatcherServlet        : Initializing Servlet 'dispatcherServlet'
11:41:45.187-[LAPTOP-L9SH1VHI][sys]-- INFO 1144 --- [nio-8082-exec-1] o.s.web.servlet.DispatcherServlet        : Completed initialization in 4 ms
11:41:45.523-[LAPTOP-L9SH1VHI][a7b4766cfb9a400882dad572c93e70db]-- WARN 1144 --- [nio-8082-exec-1] c.b.m.c.t.support.ReflectLambdaMeta      : Unable to make field private final java.lang.Class java.lang.invoke.SerializedLambda.capturingClass accessible: module java.base does not "opens java.lang.invoke" to unnamed module @49e5f737
11:41:45.539-[LAPTOP-L9SH1VHI][a7b4766cfb9a400882dad572c93e70db]-- INFO 1144 --- [nio-8082-exec-1] com.zaxxer.hikari.HikariDataSource       : HikariPool-1 - Starting...
11:41:45.811-[LAPTOP-L9SH1VHI][a7b4766cfb9a400882dad572c93e70db]-- INFO 1144 --- [nio-8082-exec-1] com.zaxxer.hikari.HikariDataSource       : HikariPool-1 - Start completed.
11:41:45.820-[LAPTOP-L9SH1VHI][a7b4766cfb9a400882dad572c93e70db]--DEBUG 1144 --- [nio-8082-exec-1] c.t.user.mapper.UserMapper.selectList    : ==>  Preparing: SELECT id,username,cell_phone,password,status,type,create_time,update_time,creater,updater FROM user WHERE (username = ?)
11:41:45.844-[LAPTOP-L9SH1VHI][a7b4766cfb9a400882dad572c93e70db]--DEBUG 1144 --- [nio-8082-exec-1] c.t.user.mapper.UserMapper.selectList    : ==> Parameters: jack(String)
11:41:45.901-[LAPTOP-L9SH1VHI][a7b4766cfb9a400882dad572c93e70db]--DEBUG 1144 --- [nio-8082-exec-1] c.t.user.mapper.UserMapper.selectList    : <==      Total: 1
11:41:47.414-[LAPTOP-L9SH1VHI][11a11f0b25634b81850706b53c3cc141]--DEBUG 1144 --- [nio-8082-exec-2] c.t.u.mapper.UserDetailMapper.queryById  : ==>  Preparing: SELECT u.cell_phone, u.status, u.create_time, u.update_time, u.creater, u.updater, u.id, u.username, ud.type, ud.name, ud.gender, ud.icon, ud.email, ud.qq, ud.birthday, ud.job, ud.province, ud.city, ud.district, ud.intro, ud.photo, ud.role_id FROM `user` u LEFT JOIN user_detail ud ON u.id = ud.id WHERE u.id = ?
11:41:47.417-[LAPTOP-L9SH1VHI][11a11f0b25634b81850706b53c3cc141]--DEBUG 1144 --- [nio-8082-exec-2] c.t.u.mapper.UserDetailMapper.queryById  : ==> Parameters: 2(Long)
11:41:47.459-[LAPTOP-L9SH1VHI][11a11f0b25634b81850706b53c3cc141]--DEBUG 1144 --- [nio-8082-exec-2] c.t.u.mapper.UserDetailMapper.queryById  : <==      Total: 1
12:13:10.627-[LAPTOP-L9SH1VHI][dcb548913756459a8590dd854eff22d2]--DEBUG 1144 --- [nio-8082-exec-5] c.t.user.mapper.UserMapper.selectList    : ==>  Preparing: SELECT id,username,cell_phone,password,status,type,create_time,update_time,creater,updater FROM user WHERE (username = ?)
12:13:10.638-[LAPTOP-L9SH1VHI][dcb548913756459a8590dd854eff22d2]--DEBUG 1144 --- [nio-8082-exec-5] c.t.user.mapper.UserMapper.selectList    : ==> Parameters: jack(String)
12:13:10.648-[LAPTOP-L9SH1VHI][dcb548913756459a8590dd854eff22d2]--DEBUG 1144 --- [nio-8082-exec-5] c.t.user.mapper.UserMapper.selectList    : <==      Total: 1
12:15:03.155-[LAPTOP-L9SH1VHI][688e8a71ef904cb99676f872941f387c]--DEBUG 1144 --- [nio-8082-exec-7] c.t.u.mapper.UserDetailMapper.queryById  : ==>  Preparing: SELECT u.cell_phone, u.status, u.create_time, u.update_time, u.creater, u.updater, u.id, u.username, ud.type, ud.name, ud.gender, ud.icon, ud.email, ud.qq, ud.birthday, ud.job, ud.province, ud.city, ud.district, ud.intro, ud.photo, ud.role_id FROM `user` u LEFT JOIN user_detail ud ON u.id = ud.id WHERE u.id = ?
12:15:03.157-[LAPTOP-L9SH1VHI][688e8a71ef904cb99676f872941f387c]--DEBUG 1144 --- [nio-8082-exec-7] c.t.u.mapper.UserDetailMapper.queryById  : ==> Parameters: 2(Long)
12:15:03.169-[LAPTOP-L9SH1VHI][688e8a71ef904cb99676f872941f387c]--DEBUG 1144 --- [nio-8082-exec-7] c.t.u.mapper.UserDetailMapper.queryById  : <==      Total: 1
12:15:10.079-[LAPTOP-L9SH1VHI][88e5e096e7c44960b21ff22560f1f0a1]--DEBUG 1144 --- [nio-8082-exec-8] c.t.u.m.UserDetailMapper.queryByIds      : ==>  Preparing: SELECT u.cell_phone, u.status, u.create_time, u.update_time, u.creater, u.updater, u.id, u.username, ud.type, ud.name, ud.gender, ud.icon, ud.email, ud.qq, ud.birthday, ud.job, ud.province, ud.city, ud.district, ud.intro, ud.photo, ud.role_id FROM `user` u LEFT JOIN user_detail ud ON u.id = ud.id WHERE u.id in ( ? , ? , ? , ? )
12:15:10.079-[LAPTOP-L9SH1VHI][fda21f5d8d644ebea035bee09222fa03]--DEBUG 1144 --- [io-8082-exec-10] c.t.u.m.UserDetailMapper.queryByIds      : ==>  Preparing: SELECT u.cell_phone, u.status, u.create_time, u.update_time, u.creater, u.updater, u.id, u.username, ud.type, ud.name, ud.gender, ud.icon, ud.email, ud.qq, ud.birthday, ud.job, ud.province, ud.city, ud.district, ud.intro, ud.photo, ud.role_id FROM `user` u LEFT JOIN user_detail ud ON u.id = ud.id WHERE u.id in ( ? , ? , ? , ? )
12:15:10.079-[LAPTOP-L9SH1VHI][835b1936298944618f109a92e7676fd0]--DEBUG 1144 --- [nio-8082-exec-1] c.t.u.m.UserDetailMapper.queryByIds      : ==>  Preparing: SELECT u.cell_phone, u.status, u.create_time, u.update_time, u.creater, u.updater, u.id, u.username, ud.type, ud.name, ud.gender, ud.icon, ud.email, ud.qq, ud.birthday, ud.job, ud.province, ud.city, ud.district, ud.intro, ud.photo, ud.role_id FROM `user` u LEFT JOIN user_detail ud ON u.id = ud.id WHERE u.id in ( ? , ? , ? , ? )
12:15:10.079-[LAPTOP-L9SH1VHI][f632f6d2ea0e4499b70a397e87324000]--DEBUG 1144 --- [nio-8082-exec-4] c.t.u.m.UserDetailMapper.queryByIds      : ==>  Preparing: SELECT u.cell_phone, u.status, u.create_time, u.update_time, u.creater, u.updater, u.id, u.username, ud.type, ud.name, ud.gender, ud.icon, ud.email, ud.qq, ud.birthday, ud.job, ud.province, ud.city, ud.district, ud.intro, ud.photo, ud.role_id FROM `user` u LEFT JOIN user_detail ud ON u.id = ud.id WHERE u.id in ( ? , ? , ? , ? )
12:15:10.079-[LAPTOP-L9SH1VHI][835b1936298944618f109a92e7676fd0]--DEBUG 1144 --- [nio-8082-exec-1] c.t.u.m.UserDetailMapper.queryByIds      : ==> Parameters: 1549358501685448706(Long), 1548889371405492225(Long), 1548940921662365698(Long), 1549358967710371842(Long)
12:15:10.079-[LAPTOP-L9SH1VHI][f632f6d2ea0e4499b70a397e87324000]--DEBUG 1144 --- [nio-8082-exec-4] c.t.u.m.UserDetailMapper.queryByIds      : ==> Parameters: 1548889371405492225(Long), 1548940921662365698(Long), 1548941239125041153(Long), 1549358967710371842(Long)
12:15:10.079-[LAPTOP-L9SH1VHI][fda21f5d8d644ebea035bee09222fa03]--DEBUG 1144 --- [io-8082-exec-10] c.t.u.m.UserDetailMapper.queryByIds      : ==> Parameters: 1549358501685448706(Long), 1548889371405492225(Long), 1548940921662365698(Long), 1549358967710371842(Long)
12:15:10.079-[LAPTOP-L9SH1VHI][88e5e096e7c44960b21ff22560f1f0a1]--DEBUG 1144 --- [nio-8082-exec-8] c.t.u.m.UserDetailMapper.queryByIds      : ==> Parameters: 1549358501685448706(Long), 1548889371405492225(Long), 1548940921662365698(Long), 1549358967710371842(Long)
12:15:10.080-[LAPTOP-L9SH1VHI][82bad28434be487c9c1fd152e06ed397]--DEBUG 1144 --- [nio-8082-exec-5] c.t.u.m.UserDetailMapper.queryByIds      : ==>  Preparing: SELECT u.cell_phone, u.status, u.create_time, u.update_time, u.creater, u.updater, u.id, u.username, ud.type, ud.name, ud.gender, ud.icon, ud.email, ud.qq, ud.birthday, ud.job, ud.province, ud.city, ud.district, ud.intro, ud.photo, ud.role_id FROM `user` u LEFT JOIN user_detail ud ON u.id = ud.id WHERE u.id in ( ? )
12:15:10.080-[LAPTOP-L9SH1VHI][82bad28434be487c9c1fd152e06ed397]--DEBUG 1144 --- [nio-8082-exec-5] c.t.u.m.UserDetailMapper.queryByIds      : ==> Parameters: 1548940921662365698(Long)
12:15:10.081-[LAPTOP-L9SH1VHI][db4683eedf9b4e37b27f76f7000370d9]--DEBUG 1144 --- [nio-8082-exec-9] c.t.u.m.UserDetailMapper.queryByIds      : ==>  Preparing: SELECT u.cell_phone, u.status, u.create_time, u.update_time, u.creater, u.updater, u.id, u.username, ud.type, ud.name, ud.gender, ud.icon, ud.email, ud.qq, ud.birthday, ud.job, ud.province, ud.city, ud.district, ud.intro, ud.photo, ud.role_id FROM `user` u LEFT JOIN user_detail ud ON u.id = ud.id WHERE u.id in ( ? , ? , ? , ? )
12:15:10.081-[LAPTOP-L9SH1VHI][db4683eedf9b4e37b27f76f7000370d9]--DEBUG 1144 --- [nio-8082-exec-9] c.t.u.m.UserDetailMapper.queryByIds      : ==> Parameters: 1548889371405492225(Long), 1548940921662365698(Long), 1548941239125041153(Long), 1549358967710371842(Long)
12:15:10.081-[LAPTOP-L9SH1VHI][b413e11338134ef79a9b48f14f9e67fa]--DEBUG 1144 --- [nio-8082-exec-7] c.t.u.m.UserDetailMapper.queryByIds      : ==>  Preparing: SELECT u.cell_phone, u.status, u.create_time, u.update_time, u.creater, u.updater, u.id, u.username, ud.type, ud.name, ud.gender, ud.icon, ud.email, ud.qq, ud.birthday, ud.job, ud.province, ud.city, ud.district, ud.intro, ud.photo, ud.role_id FROM `user` u LEFT JOIN user_detail ud ON u.id = ud.id WHERE u.id in ( ? )
12:15:10.082-[LAPTOP-L9SH1VHI][b413e11338134ef79a9b48f14f9e67fa]--DEBUG 1144 --- [nio-8082-exec-7] c.t.u.m.UserDetailMapper.queryByIds      : ==> Parameters: 1548940921662365698(Long)
12:15:10.082-[LAPTOP-L9SH1VHI][a7cccca1b2b44300b248de26e37cdfe4]--DEBUG 1144 --- [nio-8082-exec-3] c.t.u.m.UserDetailMapper.queryByIds      : ==>  Preparing: SELECT u.cell_phone, u.status, u.create_time, u.update_time, u.creater, u.updater, u.id, u.username, ud.type, ud.name, ud.gender, ud.icon, ud.email, ud.qq, ud.birthday, ud.job, ud.province, ud.city, ud.district, ud.intro, ud.photo, ud.role_id FROM `user` u LEFT JOIN user_detail ud ON u.id = ud.id WHERE u.id in ( ? )
12:15:10.082-[LAPTOP-L9SH1VHI][a7cccca1b2b44300b248de26e37cdfe4]--DEBUG 1144 --- [nio-8082-exec-3] c.t.u.m.UserDetailMapper.queryByIds      : ==> Parameters: 1548940921662365698(Long)
12:15:10.082-[LAPTOP-L9SH1VHI][5e02355ba869449980cc30cded67e01f]--DEBUG 1144 --- [nio-8082-exec-6] c.t.u.m.UserDetailMapper.queryByIds      : ==>  Preparing: SELECT u.cell_phone, u.status, u.create_time, u.update_time, u.creater, u.updater, u.id, u.username, ud.type, ud.name, ud.gender, ud.icon, ud.email, ud.qq, ud.birthday, ud.job, ud.province, ud.city, ud.district, ud.intro, ud.photo, ud.role_id FROM `user` u LEFT JOIN user_detail ud ON u.id = ud.id WHERE u.id in ( ? , ? , ? , ? )
12:15:10.083-[LAPTOP-L9SH1VHI][5e02355ba869449980cc30cded67e01f]--DEBUG 1144 --- [nio-8082-exec-6] c.t.u.m.UserDetailMapper.queryByIds      : ==> Parameters: 1549358501685448706(Long), 1548889371405492225(Long), 1548940921662365698(Long), 1549358967710371842(Long)
12:15:10.083-[LAPTOP-L9SH1VHI][0dd8ca6ef2d44b64bcd510023ba0b734]--DEBUG 1144 --- [nio-8082-exec-2] c.t.u.m.UserDetailMapper.queryByIds      : ==>  Preparing: SELECT u.cell_phone, u.status, u.create_time, u.update_time, u.creater, u.updater, u.id, u.username, ud.type, ud.name, ud.gender, ud.icon, ud.email, ud.qq, ud.birthday, ud.job, ud.province, ud.city, ud.district, ud.intro, ud.photo, ud.role_id FROM `user` u LEFT JOIN user_detail ud ON u.id = ud.id WHERE u.id in ( ? )
12:15:10.084-[LAPTOP-L9SH1VHI][0dd8ca6ef2d44b64bcd510023ba0b734]--DEBUG 1144 --- [nio-8082-exec-2] c.t.u.m.UserDetailMapper.queryByIds      : ==> Parameters: 1548940921662365698(Long)
12:15:10.140-[LAPTOP-L9SH1VHI][b413e11338134ef79a9b48f14f9e67fa]--DEBUG 1144 --- [nio-8082-exec-7] c.t.u.m.UserDetailMapper.queryByIds      : <==      Total: 1
12:15:10.141-[LAPTOP-L9SH1VHI][835b1936298944618f109a92e7676fd0]--DEBUG 1144 --- [nio-8082-exec-1] c.t.u.m.UserDetailMapper.queryByIds      : <==      Total: 4
12:15:10.145-[LAPTOP-L9SH1VHI][fda21f5d8d644ebea035bee09222fa03]--DEBUG 1144 --- [io-8082-exec-10] c.t.u.m.UserDetailMapper.queryByIds      : <==      Total: 4
12:15:10.147-[LAPTOP-L9SH1VHI][f632f6d2ea0e4499b70a397e87324000]--DEBUG 1144 --- [nio-8082-exec-4] c.t.u.m.UserDetailMapper.queryByIds      : <==      Total: 4
12:15:10.150-[LAPTOP-L9SH1VHI][db4683eedf9b4e37b27f76f7000370d9]--DEBUG 1144 --- [nio-8082-exec-9] c.t.u.m.UserDetailMapper.queryByIds      : <==      Total: 4
12:15:10.153-[LAPTOP-L9SH1VHI][a7cccca1b2b44300b248de26e37cdfe4]--DEBUG 1144 --- [nio-8082-exec-3] c.t.u.m.UserDetailMapper.queryByIds      : <==      Total: 1
12:15:10.157-[LAPTOP-L9SH1VHI][5e02355ba869449980cc30cded67e01f]--DEBUG 1144 --- [nio-8082-exec-6] c.t.u.m.UserDetailMapper.queryByIds      : <==      Total: 4
12:15:10.158-[LAPTOP-L9SH1VHI][88e5e096e7c44960b21ff22560f1f0a1]--DEBUG 1144 --- [nio-8082-exec-8] c.t.u.m.UserDetailMapper.queryByIds      : <==      Total: 4
12:15:10.172-[LAPTOP-L9SH1VHI][82bad28434be487c9c1fd152e06ed397]--DEBUG 1144 --- [nio-8082-exec-5] c.t.u.m.UserDetailMapper.queryByIds      : <==      Total: 1
12:15:10.217-[LAPTOP-L9SH1VHI][0dd8ca6ef2d44b64bcd510023ba0b734]--DEBUG 1144 --- [nio-8082-exec-2] c.t.u.m.UserDetailMapper.queryByIds      : <==      Total: 1
12:15:13.754-[LAPTOP-L9SH1VHI][d72c0f9208e64b348452d28894c06b32]--DEBUG 1144 --- [nio-8082-exec-5] c.t.u.m.UserDetailMapper.queryByIds      : ==>  Preparing: SELECT u.cell_phone, u.status, u.create_time, u.update_time, u.creater, u.updater, u.id, u.username, ud.type, ud.name, ud.gender, ud.icon, ud.email, ud.qq, ud.birthday, ud.job, ud.province, ud.city, ud.district, ud.intro, ud.photo, ud.role_id FROM `user` u LEFT JOIN user_detail ud ON u.id = ud.id WHERE u.id in ( ? )
12:15:13.754-[LAPTOP-L9SH1VHI][d72c0f9208e64b348452d28894c06b32]--DEBUG 1144 --- [nio-8082-exec-5] c.t.u.m.UserDetailMapper.queryByIds      : ==> Parameters: 1548940921662365698(Long)
12:15:13.759-[LAPTOP-L9SH1VHI][d72c0f9208e64b348452d28894c06b32]--DEBUG 1144 --- [nio-8082-exec-5] c.t.u.m.UserDetailMapper.queryByIds      : <==      Total: 1
12:15:14.110-[LAPTOP-L9SH1VHI][928808350430471db0ef635220c045bf]--DEBUG 1144 --- [nio-8082-exec-3] c.t.u.m.UserDetailMapper.queryByIds      : ==>  Preparing: SELECT u.cell_phone, u.status, u.create_time, u.update_time, u.creater, u.updater, u.id, u.username, ud.type, ud.name, ud.gender, ud.icon, ud.email, ud.qq, ud.birthday, ud.job, ud.province, ud.city, ud.district, ud.intro, ud.photo, ud.role_id FROM `user` u LEFT JOIN user_detail ud ON u.id = ud.id WHERE u.id in ( ? , ? , ? , ? )
12:15:14.110-[LAPTOP-L9SH1VHI][928808350430471db0ef635220c045bf]--DEBUG 1144 --- [nio-8082-exec-3] c.t.u.m.UserDetailMapper.queryByIds      : ==> Parameters: 1549358501685448706(Long), 1548889371405492225(Long), 1548940921662365698(Long), 1549358967710371842(Long)
12:15:14.115-[LAPTOP-L9SH1VHI][928808350430471db0ef635220c045bf]--DEBUG 1144 --- [nio-8082-exec-3] c.t.u.m.UserDetailMapper.queryByIds      : <==      Total: 4
12:15:14.271-[LAPTOP-L9SH1VHI][fa0644a97151496394d8d35b6a366d80]--DEBUG 1144 --- [nio-8082-exec-7] c.t.u.m.UserDetailMapper.queryByIds      : ==>  Preparing: SELECT u.cell_phone, u.status, u.create_time, u.update_time, u.creater, u.updater, u.id, u.username, ud.type, ud.name, ud.gender, ud.icon, ud.email, ud.qq, ud.birthday, ud.job, ud.province, ud.city, ud.district, ud.intro, ud.photo, ud.role_id FROM `user` u LEFT JOIN user_detail ud ON u.id = ud.id WHERE u.id in ( ? )
12:15:14.272-[LAPTOP-L9SH1VHI][fa0644a97151496394d8d35b6a366d80]--DEBUG 1144 --- [nio-8082-exec-7] c.t.u.m.UserDetailMapper.queryByIds      : ==> Parameters: 1548940921662365698(Long)
12:15:14.275-[LAPTOP-L9SH1VHI][fa0644a97151496394d8d35b6a366d80]--DEBUG 1144 --- [nio-8082-exec-7] c.t.u.m.UserDetailMapper.queryByIds      : <==      Total: 1
12:15:24.150-[LAPTOP-L9SH1VHI][e12b3882f0824cf4803c749726747f8a]--DEBUG 1144 --- [nio-8082-exec-1] c.t.u.m.UserDetailMapper.queryByIds      : ==>  Preparing: SELECT u.cell_phone, u.status, u.create_time, u.update_time, u.creater, u.updater, u.id, u.username, ud.type, ud.name, ud.gender, ud.icon, ud.email, ud.qq, ud.birthday, ud.job, ud.province, ud.city, ud.district, ud.intro, ud.photo, ud.role_id FROM `user` u LEFT JOIN user_detail ud ON u.id = ud.id WHERE u.id in ( ? )
12:15:24.150-[LAPTOP-L9SH1VHI][e12b3882f0824cf4803c749726747f8a]--DEBUG 1144 --- [nio-8082-exec-1] c.t.u.m.UserDetailMapper.queryByIds      : ==> Parameters: 1548940921662365698(Long)
12:15:24.153-[LAPTOP-L9SH1VHI][e12b3882f0824cf4803c749726747f8a]--DEBUG 1144 --- [nio-8082-exec-1] c.t.u.m.UserDetailMapper.queryByIds      : <==      Total: 1
12:15:39.774-[LAPTOP-L9SH1VHI][34f6553d931f4d7f90687809bce85437]--DEBUG 1144 --- [nio-8082-exec-6] c.t.u.m.UserDetailMapper.queryByIds      : ==>  Preparing: SELECT u.cell_phone, u.status, u.create_time, u.update_time, u.creater, u.updater, u.id, u.username, ud.type, ud.name, ud.gender, ud.icon, ud.email, ud.qq, ud.birthday, ud.job, ud.province, ud.city, ud.district, ud.intro, ud.photo, ud.role_id FROM `user` u LEFT JOIN user_detail ud ON u.id = ud.id WHERE u.id in ( ? )
12:15:39.775-[LAPTOP-L9SH1VHI][34f6553d931f4d7f90687809bce85437]--DEBUG 1144 --- [nio-8082-exec-6] c.t.u.m.UserDetailMapper.queryByIds      : ==> Parameters: 1(Long)
12:15:39.777-[LAPTOP-L9SH1VHI][34f6553d931f4d7f90687809bce85437]--DEBUG 1144 --- [nio-8082-exec-6] c.t.u.m.UserDetailMapper.queryByIds      : <==      Total: 1
12:15:40.159-[LAPTOP-L9SH1VHI][c66488559ee54f71bfae53eae06d8d84]--DEBUG 1144 --- [nio-8082-exec-9] c.t.u.m.UserDetailMapper.queryByIds      : ==>  Preparing: SELECT u.cell_phone, u.status, u.create_time, u.update_time, u.creater, u.updater, u.id, u.username, ud.type, ud.name, ud.gender, ud.icon, ud.email, ud.qq, ud.birthday, ud.job, ud.province, ud.city, ud.district, ud.intro, ud.photo, ud.role_id FROM `user` u LEFT JOIN user_detail ud ON u.id = ud.id WHERE u.id in ( ? )
12:15:40.160-[LAPTOP-L9SH1VHI][c66488559ee54f71bfae53eae06d8d84]--DEBUG 1144 --- [nio-8082-exec-9] c.t.u.m.UserDetailMapper.queryByIds      : ==> Parameters: 1(Long)
12:15:40.187-[LAPTOP-L9SH1VHI][c66488559ee54f71bfae53eae06d8d84]--DEBUG 1144 --- [nio-8082-exec-9] c.t.u.m.UserDetailMapper.queryByIds      : <==      Total: 1
12:15:42.188-[LAPTOP-L9SH1VHI][01f5d025e66240ab9914e33413045564]--DEBUG 1144 --- [nio-8082-exec-4] c.t.u.m.UserDetailMapper.queryByIds      : ==>  Preparing: SELECT u.cell_phone, u.status, u.create_time, u.update_time, u.creater, u.updater, u.id, u.username, ud.type, ud.name, ud.gender, ud.icon, ud.email, ud.qq, ud.birthday, ud.job, ud.province, ud.city, ud.district, ud.intro, ud.photo, ud.role_id FROM `user` u LEFT JOIN user_detail ud ON u.id = ud.id WHERE u.id in ( ? )
12:15:42.188-[LAPTOP-L9SH1VHI][01f5d025e66240ab9914e33413045564]--DEBUG 1144 --- [nio-8082-exec-4] c.t.u.m.UserDetailMapper.queryByIds      : ==> Parameters: 1548940921662365698(Long)
12:15:42.191-[LAPTOP-L9SH1VHI][01f5d025e66240ab9914e33413045564]--DEBUG 1144 --- [nio-8082-exec-4] c.t.u.m.UserDetailMapper.queryByIds      : <==      Total: 1
12:15:42.318-[LAPTOP-L9SH1VHI][4a7c6bf5061d458f9b7fe3a3a16742d8]--DEBUG 1144 --- [nio-8082-exec-8] c.t.u.m.UserDetailMapper.queryByIds      : ==>  Preparing: SELECT u.cell_phone, u.status, u.create_time, u.update_time, u.creater, u.updater, u.id, u.username, ud.type, ud.name, ud.gender, ud.icon, ud.email, ud.qq, ud.birthday, ud.job, ud.province, ud.city, ud.district, ud.intro, ud.photo, ud.role_id FROM `user` u LEFT JOIN user_detail ud ON u.id = ud.id WHERE u.id in ( ? )
12:15:42.319-[LAPTOP-L9SH1VHI][4a7c6bf5061d458f9b7fe3a3a16742d8]--DEBUG 1144 --- [nio-8082-exec-8] c.t.u.m.UserDetailMapper.queryByIds      : ==> Parameters: 1(Long)
12:15:42.322-[LAPTOP-L9SH1VHI][4a7c6bf5061d458f9b7fe3a3a16742d8]--DEBUG 1144 --- [nio-8082-exec-8] c.t.u.m.UserDetailMapper.queryByIds      : <==      Total: 1
12:15:43.068-[LAPTOP-L9SH1VHI][446f20743a4242e79efdba1547acdc2a]--DEBUG 1144 --- [io-8082-exec-10] c.t.u.m.UserDetailMapper.queryByIds      : ==>  Preparing: SELECT u.cell_phone, u.status, u.create_time, u.update_time, u.creater, u.updater, u.id, u.username, ud.type, ud.name, ud.gender, ud.icon, ud.email, ud.qq, ud.birthday, ud.job, ud.province, ud.city, ud.district, ud.intro, ud.photo, ud.role_id FROM `user` u LEFT JOIN user_detail ud ON u.id = ud.id WHERE u.id in ( ? )
12:15:43.068-[LAPTOP-L9SH1VHI][446f20743a4242e79efdba1547acdc2a]--DEBUG 1144 --- [io-8082-exec-10] c.t.u.m.UserDetailMapper.queryByIds      : ==> Parameters: 2(Long)
12:15:43.073-[LAPTOP-L9SH1VHI][446f20743a4242e79efdba1547acdc2a]--DEBUG 1144 --- [io-8082-exec-10] c.t.u.m.UserDetailMapper.queryByIds      : <==      Total: 1
12:15:46.763-[LAPTOP-L9SH1VHI][84f7d8d223224c49abb2550b5d84f974]--DEBUG 1144 --- [nio-8082-exec-2] c.t.u.m.UserDetailMapper.queryByIds      : ==>  Preparing: SELECT u.cell_phone, u.status, u.create_time, u.update_time, u.creater, u.updater, u.id, u.username, ud.type, ud.name, ud.gender, ud.icon, ud.email, ud.qq, ud.birthday, ud.job, ud.province, ud.city, ud.district, ud.intro, ud.photo, ud.role_id FROM `user` u LEFT JOIN user_detail ud ON u.id = ud.id WHERE u.id in ( ? )
12:15:46.763-[LAPTOP-L9SH1VHI][84f7d8d223224c49abb2550b5d84f974]--DEBUG 1144 --- [nio-8082-exec-2] c.t.u.m.UserDetailMapper.queryByIds      : ==> Parameters: 1(Long)
12:15:46.765-[LAPTOP-L9SH1VHI][84f7d8d223224c49abb2550b5d84f974]--DEBUG 1144 --- [nio-8082-exec-2] c.t.u.m.UserDetailMapper.queryByIds      : <==      Total: 1
12:16:00.875-[LAPTOP-L9SH1VHI][7017557adb4d4488960d8bb2e4b1aa30]--DEBUG 1144 --- [nio-8082-exec-5] c.t.u.m.UserDetailMapper.queryByIds      : ==>  Preparing: SELECT u.cell_phone, u.status, u.create_time, u.update_time, u.creater, u.updater, u.id, u.username, ud.type, ud.name, ud.gender, ud.icon, ud.email, ud.qq, ud.birthday, ud.job, ud.province, ud.city, ud.district, ud.intro, ud.photo, ud.role_id FROM `user` u LEFT JOIN user_detail ud ON u.id = ud.id WHERE u.id in ( ? )
12:16:00.875-[LAPTOP-L9SH1VHI][7017557adb4d4488960d8bb2e4b1aa30]--DEBUG 1144 --- [nio-8082-exec-5] c.t.u.m.UserDetailMapper.queryByIds      : ==> Parameters: 1(Long)
12:16:00.879-[LAPTOP-L9SH1VHI][7017557adb4d4488960d8bb2e4b1aa30]--DEBUG 1144 --- [nio-8082-exec-5] c.t.u.m.UserDetailMapper.queryByIds      : <==      Total: 1
12:16:00.948-[LAPTOP-L9SH1VHI][87f43e8aee2f43b7b95b640c2146f826]--DEBUG 1144 --- [nio-8082-exec-3] c.t.u.m.UserDetailMapper.queryByIds      : ==>  Preparing: SELECT u.cell_phone, u.status, u.create_time, u.update_time, u.creater, u.updater, u.id, u.username, ud.type, ud.name, ud.gender, ud.icon, ud.email, ud.qq, ud.birthday, ud.job, ud.province, ud.city, ud.district, ud.intro, ud.photo, ud.role_id FROM `user` u LEFT JOIN user_detail ud ON u.id = ud.id WHERE u.id in ( ? )
12:16:00.948-[LAPTOP-L9SH1VHI][87f43e8aee2f43b7b95b640c2146f826]--DEBUG 1144 --- [nio-8082-exec-3] c.t.u.m.UserDetailMapper.queryByIds      : ==> Parameters: 1548940921662365698(Long)
12:16:00.950-[LAPTOP-L9SH1VHI][87f43e8aee2f43b7b95b640c2146f826]--DEBUG 1144 --- [nio-8082-exec-3] c.t.u.m.UserDetailMapper.queryByIds      : <==      Total: 1
12:16:01.211-[LAPTOP-L9SH1VHI][2c5ba78c2a4a4c8386f1d0bb876226fb]--DEBUG 1144 --- [nio-8082-exec-7] c.t.u.m.UserDetailMapper.queryByIds      : ==>  Preparing: SELECT u.cell_phone, u.status, u.create_time, u.update_time, u.creater, u.updater, u.id, u.username, ud.type, ud.name, ud.gender, ud.icon, ud.email, ud.qq, ud.birthday, ud.job, ud.province, ud.city, ud.district, ud.intro, ud.photo, ud.role_id FROM `user` u LEFT JOIN user_detail ud ON u.id = ud.id WHERE u.id in ( ? )
12:16:01.211-[LAPTOP-L9SH1VHI][2c5ba78c2a4a4c8386f1d0bb876226fb]--DEBUG 1144 --- [nio-8082-exec-7] c.t.u.m.UserDetailMapper.queryByIds      : ==> Parameters: 2(Long)
12:16:01.217-[LAPTOP-L9SH1VHI][2c5ba78c2a4a4c8386f1d0bb876226fb]--DEBUG 1144 --- [nio-8082-exec-7] c.t.u.m.UserDetailMapper.queryByIds      : <==      Total: 1
